"../../../Engine/Content/EditorResources/S_Actor.ubulk" 0
"../../../Engine/Content/EditorResources/S_Actor.uasset" 1
"../../../Engine/Content/EditorResources/S_Actor.uexp" 2
"../../../Engine/Content/EditorResources/S_BoxReflectionCapture.uasset" 3
"../../../Engine/Content/EditorResources/S_BoxReflectionCapture.uexp" 4
"../../../Engine/Content/EngineResources/DefaultTexture.ubulk" 5
"../../../Engine/Content/EngineResources/DefaultTexture.uasset" 6
"../../../Engine/Content/EngineResources/DefaultTexture.uexp" 7
"../../../Engine/Content/EngineResources/DefaultTextureCube.uasset" 8
"../../../Engine/Content/EngineResources/DefaultTextureCube.uexp" 9
"../../../Engine/Content/EngineResources/DefaultVolumeTexture2D.uasset" 10
"../../../Engine/Content/EngineResources/DefaultVolumeTexture2D.uexp" 11
"../../../Engine/Content/EngineResources/DefaultVolumeTexture.uasset" 12
"../../../Engine/Content/EngineResources/DefaultVolumeTexture.uexp" 13
"../../../Engine/Content/EditorResources/S_Trigger.ubulk" 14
"../../../Engine/Content/EditorResources/S_Trigger.uasset" 15
"../../../Engine/Content/EditorResources/S_Trigger.uexp" 16
"../../../Engine/Content/EditorResources/S_TriggerBox.uasset" 17
"../../../Engine/Content/EditorResources/S_TriggerBox.uexp" 18
"../../../Engine/Content/EditorResources/S_TriggerCapsule.uasset" 19
"../../../Engine/Content/EditorResources/S_TriggerCapsule.uexp" 20
"../../../Engine/Content/EditorResources/S_TriggerSphere.uasset" 21
"../../../Engine/Content/EditorResources/S_TriggerSphere.uexp" 22
"../../../Engine/Content/EngineMeshes/Sphere.ubulk" 23
"../../../Engine/Content/EngineMeshes/Sphere.uasset" 24
"../../../Engine/Content/EngineMeshes/Sphere.uexp" 25
"../../../Engine/Content/EngineResources/GradientTexture0.uasset" 26
"../../../Engine/Content/EngineResources/GradientTexture0.uexp" 27
"../../../Engine/Content/EngineResources/Black.uasset" 28
"../../../Engine/Content/EngineResources/Black.uexp" 29
"../../../Engine/Content/VREditor/LaserPointer/VR_LaserPower_01.ubulk" 30
"../../../Engine/Content/VREditor/LaserPointer/VR_LaserPower_01.uasset" 31
"../../../Engine/Content/VREditor/LaserPointer/VR_LaserPower_01.uexp" 32
"../../../Engine/Content/VREditor/TransformGizmo/TransformGizmoMaterial.uasset" 33
"../../../Engine/Content/VREditor/TransformGizmo/TransformGizmoMaterial.uexp" 34
"../../../Engine/Content/VREditor/TransformGizmo/TranslucentTransformGizmoMaterial.uasset" 35
"../../../Engine/Content/VREditor/TransformGizmo/TranslucentTransformGizmoMaterial.uexp" 36
"../../../Engine/Content/VREditor/TransformGizmo/PlaneTranslationHandle.ubulk" 37
"../../../Engine/Content/VREditor/TransformGizmo/PlaneTranslationHandle.uasset" 38
"../../../Engine/Content/VREditor/TransformGizmo/PlaneTranslationHandle.uexp" 39
"../../../Engine/Content/VREditor/TransformGizmo/BoundingBoxCorner.ubulk" 40
"../../../Engine/Content/VREditor/TransformGizmo/BoundingBoxCorner.uasset" 41
"../../../Engine/Content/VREditor/TransformGizmo/BoundingBoxCorner.uexp" 42
"../../../Engine/Content/VREditor/TransformGizmo/BoundingBoxEdge.ubulk" 43
"../../../Engine/Content/VREditor/TransformGizmo/BoundingBoxEdge.uasset" 44
"../../../Engine/Content/VREditor/TransformGizmo/BoundingBoxEdge.uexp" 45
"../../../Engine/Content/VREditor/TransformGizmo/Main.uasset" 46
"../../../Engine/Content/VREditor/TransformGizmo/Main.uexp" 47
"../../../Engine/Content/VREditor/TransformGizmo/Xray.uasset" 48
"../../../Engine/Content/VREditor/TransformGizmo/Xray.uexp" 49
"../../../Engine/Content/VREditor/TransformGizmo/SM_Sequencer_Node.ubulk" 50
"../../../Engine/Content/VREditor/TransformGizmo/SM_Sequencer_Node.uasset" 51
"../../../Engine/Content/VREditor/TransformGizmo/SM_Sequencer_Node.uexp" 52
"../../../Engine/Content/EditorMaterials/Camera/CineMat.uasset" 53
"../../../Engine/Content/EditorMaterials/Camera/CineMat.uexp" 54
"../../../Engine/Content/EditorMaterials/Camera/MI_CineMat_Rig.uasset" 55
"../../../Engine/Content/EditorMaterials/Camera/MI_CineMat_Rig.uexp" 56
"../../../Engine/Content/EditorMeshes/Camera/SM_CraneRig_Base.ubulk" 57
"../../../Engine/Content/EditorMeshes/Camera/SM_CraneRig_Base.uasset" 58
"../../../Engine/Content/EditorMeshes/Camera/SM_CraneRig_Base.uexp" 59
"../../../Engine/Content/EditorMeshes/Camera/SM_CraneRig_Arm.ubulk" 60
"../../../Engine/Content/EditorMeshes/Camera/SM_CraneRig_Arm.uasset" 61
"../../../Engine/Content/EditorMeshes/Camera/SM_CraneRig_Arm.uexp" 62
"../../../Engine/Content/EditorMeshes/Camera/SM_CraneRig_Mount.ubulk" 63
"../../../Engine/Content/EditorMeshes/Camera/SM_CraneRig_Mount.uasset" 64
"../../../Engine/Content/EditorMeshes/Camera/SM_CraneRig_Mount.uexp" 65
"../../../Engine/Content/EditorMeshes/Camera/SM_CraneRig_Body.ubulk" 66
"../../../Engine/Content/EditorMeshes/Camera/SM_CraneRig_Body.uasset" 67
"../../../Engine/Content/EditorMeshes/Camera/SM_CraneRig_Body.uexp" 68
"../../../Engine/Content/EditorMeshes/Camera/SM_RailRig_Track.ubulk" 69
"../../../Engine/Content/EditorMeshes/Camera/SM_RailRig_Track.uasset" 70
"../../../Engine/Content/EditorMeshes/Camera/SM_RailRig_Track.uexp" 71
"../../../Engine/Content/EditorMeshes/Camera/SM_RailRig_Mount.ubulk" 72
"../../../Engine/Content/EditorMeshes/Camera/SM_RailRig_Mount.uasset" 73
"../../../Engine/Content/EditorMeshes/Camera/SM_RailRig_Mount.uexp" 74
"../../../Engine/Content/EngineMaterials/T_Default_Material_Grid_M.ubulk" 75
"../../../Engine/Content/EngineMaterials/T_Default_Material_Grid_M.uasset" 76
"../../../Engine/Content/EngineMaterials/T_Default_Material_Grid_M.uexp" 77
"../../../Engine/Content/EngineMaterials/T_Default_Material_Grid_N.ubulk" 78
"../../../Engine/Content/EngineMaterials/T_Default_Material_Grid_N.uasset" 79
"../../../Engine/Content/EngineMaterials/T_Default_Material_Grid_N.uexp" 80
"../../../Engine/Content/Functions/Engine_MaterialFunctions01/Opacity/CameraDepthFade.uasset" 81
"../../../Engine/Content/Functions/Engine_MaterialFunctions01/Opacity/CameraDepthFade.uexp" 82
"../../../Engine/Content/EngineMaterials/WorldGridMaterial.uasset" 83
"../../../Engine/Content/EngineMaterials/WorldGridMaterial.uexp" 84
"../../../Engine/Content/ArtTools/RenderToTexture/Meshes/S_1_Unit_Plane.ubulk" 85
"../../../Engine/Content/ArtTools/RenderToTexture/Meshes/S_1_Unit_Plane.uasset" 86
"../../../Engine/Content/ArtTools/RenderToTexture/Meshes/S_1_Unit_Plane.uexp" 87
"../../../Engine/Content/EditorMaterials/ParticleSystems/PSysThumbnail_NoImage.ubulk" 88
"../../../Engine/Content/EditorMaterials/ParticleSystems/PSysThumbnail_NoImage.uasset" 89
"../../../Engine/Content/EditorMaterials/ParticleSystems/PSysThumbnail_NoImage.uexp" 90
"../../../Engine/Content/EditorMaterials/ParticleSystems/PSysThumbnail_OOD.ubulk" 91
"../../../Engine/Content/EditorMaterials/ParticleSystems/PSysThumbnail_OOD.uasset" 92
"../../../Engine/Content/EditorMaterials/ParticleSystems/PSysThumbnail_OOD.uexp" 93
"../../../Engine/Content/EditorLandscapeResources/SplineEditorMeshMat.uasset" 94
"../../../Engine/Content/EditorLandscapeResources/SplineEditorMeshMat.uexp" 95
"../../../Engine/Content/EditorLandscapeResources/SplineEditorMesh.ubulk" 96
"../../../Engine/Content/EditorLandscapeResources/SplineEditorMesh.uasset" 97
"../../../Engine/Content/EditorLandscapeResources/SplineEditorMesh.uexp" 98
"../../../Engine/Content/EditorResources/S_Solver.ubulk" 99
"../../../Engine/Content/EditorResources/S_Solver.uasset" 100
"../../../Engine/Content/EditorResources/S_Solver.uexp" 101
"../../../Engine/Content/EditorMeshes/EditorSphere.ubulk" 102
"../../../Engine/Content/EditorMeshes/EditorSphere.uasset" 103
"../../../Engine/Content/EditorMeshes/EditorSphere.uexp" 104
"../../../Engine/Plugins/Media/MediaPlate/Content/SM_MediaPlateScreen.ubulk" 105
"../../../Engine/Plugins/Media/MediaPlate/Content/SM_MediaPlateScreen.uasset" 106
"../../../Engine/Plugins/Media/MediaPlate/Content/SM_MediaPlateScreen.uexp" 107
"../../../Engine/Content/EngineMaterials/Good64x64TilingNoiseHighFreq.uasset" 108
"../../../Engine/Content/EngineMaterials/Good64x64TilingNoiseHighFreq.uexp" 109
"../../../Engine/Content/EngineMaterials/DefaultBokeh.uasset" 110
"../../../Engine/Content/EngineMaterials/DefaultBokeh.uexp" 111
"../../../Engine/Content/EngineMaterials/PreintegratedSkinBRDF.uasset" 112
"../../../Engine/Content/EngineMaterials/PreintegratedSkinBRDF.uexp" 113
"../../../Engine/Content/EngineMaterials/MiniFont.uasset" 114
"../../../Engine/Content/EngineMaterials/MiniFont.uexp" 115
"../../../Engine/Content/EngineMaterials/WeightMapPlaceholderTexture.uasset" 116
"../../../Engine/Content/EngineMaterials/WeightMapPlaceholderTexture.uexp" 117
"../../../Engine/Content/EngineMaterials/DefaultWhiteGrid.ubulk" 118
"../../../Engine/Content/EngineMaterials/DefaultWhiteGrid.uasset" 119
"../../../Engine/Content/EngineMaterials/DefaultWhiteGrid.uexp" 120
"../../../Engine/Content/Animation/DefaultRecorderBoneCompression.uasset" 121
"../../../Engine/Content/Animation/DefaultRecorderBoneCompression.uexp" 122
"../../../Engine/Content/Animation/DefaultAnimCurveCompressionSettings.uasset" 123
"../../../Engine/Content/Animation/DefaultAnimCurveCompressionSettings.uexp" 124
"../../../Engine/Content/Animation/DefaultAnimBoneCompressionSettings.uasset" 125
"../../../Engine/Content/Animation/DefaultAnimBoneCompressionSettings.uexp" 126
"../../../Engine/Content/BasicShapes/Plane.ubulk" 127
"../../../Engine/Content/BasicShapes/Plane.uasset" 128
"../../../Engine/Content/BasicShapes/Plane.uexp" 129
"../../../Engine/Content/EngineMaterials/DefaultMaterial.uasset" 130
"../../../Engine/Content/EngineMaterials/DefaultMaterial.uexp" 131
"../../../Engine/Content/BasicShapes/Cylinder.ubulk" 132
"../../../Engine/Content/BasicShapes/Cylinder.uasset" 133
"../../../Engine/Content/BasicShapes/Cylinder.uexp" 134
"../../../Engine/Content/BasicShapes/Cone.ubulk" 135
"../../../Engine/Content/BasicShapes/Cone.uasset" 136
"../../../Engine/Content/BasicShapes/Cone.uexp" 137
"../../../Engine/Content/EditorLandscapeResources/DefaultAlphaTexture.uasset" 138
"../../../Engine/Content/EditorLandscapeResources/DefaultAlphaTexture.uexp" 139
"../../../Engine/Content/EditorLandscapeResources/DataLayer.uasset" 140
"../../../Engine/Content/EditorLandscapeResources/DataLayer.uexp" 141
"../../../Engine/Content/EditorMaterials/PreviewShadowIndicator.ubulk" 142
"../../../Engine/Content/EditorMaterials/PreviewShadowIndicator.uasset" 143
"../../../Engine/Content/EditorMaterials/PreviewShadowIndicator.uexp" 144
"../../../Engine/Content/EditorMaterials/PreviewShadowIndicatorMaterial.uasset" 145
"../../../Engine/Content/EditorMaterials/PreviewShadowIndicatorMaterial.uexp" 146
"../../../Engine/Content/EditorMaterials/PhAT_UnselectedMaterial.uasset" 147
"../../../Engine/Content/EditorMaterials/PhAT_UnselectedMaterial.uexp" 148
"../../../Engine/Content/EditorMaterials/PhAT_NoCollisionMaterial.uasset" 149
"../../../Engine/Content/EditorMaterials/PhAT_NoCollisionMaterial.uexp" 150
"../../../Engine/Content/Functions/Engine_MaterialFunctions02/Utility/MakeFloat4.uasset" 151
"../../../Engine/Content/Functions/Engine_MaterialFunctions02/Utility/MakeFloat4.uexp" 152
"../../../Engine/Content/Functions/Engine_MaterialFunctions02/Utility/MakeFloat3.uasset" 153
"../../../Engine/Content/Functions/Engine_MaterialFunctions02/Utility/MakeFloat3.uexp" 154
"../../../Engine/Content/Functions/Engine_MaterialFunctions02/Utility/BreakOutFloat3Components.uasset" 155
"../../../Engine/Content/Functions/Engine_MaterialFunctions02/Utility/BreakOutFloat3Components.uexp" 156
"../../../Engine/Content/EditorMaterials/WorldPartition/WorldPartitionSpatialHashGridPreviewMaterial.uasset" 157
"../../../Engine/Content/EditorMaterials/WorldPartition/WorldPartitionSpatialHashGridPreviewMaterial.uexp" 158
"../../../Engine/Content/EditorResources/S_Terrain.ubulk" 159
"../../../Engine/Content/EditorResources/S_Terrain.uasset" 160
"../../../Engine/Content/EditorResources/S_Terrain.uexp" 161
"../../../Engine/Content/EditorResources/EmptyActor.uasset" 162
"../../../Engine/Content/EditorResources/EmptyActor.uexp" 163
"../../../Engine/Content/EditorResources/BSPVertex.uasset" 164
"../../../Engine/Content/EditorResources/BSPVertex.uexp" 165
"../../../Engine/Content/EditorResources/SequenceRecorder/RecordingIndicator.uasset" 166
"../../../Engine/Content/EditorResources/SequenceRecorder/RecordingIndicator.uexp" 167
"../../../Engine/Content/EditorResources/SequenceRecorder/Countdown.uasset" 168
"../../../Engine/Content/EditorResources/SequenceRecorder/Countdown.uexp" 169
"../../../Engine/Content/EngineDamageTypes/DmgTypeBP_Environmental.uasset" 170
"../../../Engine/Content/EngineDamageTypes/DmgTypeBP_Environmental.uexp" 171
"../../../Engine/Content/Functions/Engine_MaterialFunctions02/Utility/CameraDirectionVector.uasset" 172
"../../../Engine/Content/Functions/Engine_MaterialFunctions02/Utility/CameraDirectionVector.uexp" 173
"../../../Engine/Content/EngineDebugMaterials/VolumeToRender.uasset" 174
"../../../Engine/Content/EngineDebugMaterials/VolumeToRender.uexp" 175
"../../../Engine/Content/EngineDebugMaterials/M_VolumeRenderSphereTracePP.uasset" 176
"../../../Engine/Content/EngineDebugMaterials/M_VolumeRenderSphereTracePP.uexp" 177
"../../../Engine/Content/EngineDebugMaterials/M_SimpleUnlitTranslucent.uasset" 178
"../../../Engine/Content/EngineDebugMaterials/M_SimpleUnlitTranslucent.uexp" 179
"../../../Engine/Content/EngineDebugMaterials/DebugMeshMaterial.uasset" 180
"../../../Engine/Content/EngineDebugMaterials/DebugMeshMaterial.uexp" 181
"../../../Engine/Content/EngineDebugMaterials/DebugEditorMaterial.uasset" 182
"../../../Engine/Content/EngineDebugMaterials/DebugEditorMaterial.uexp" 183
"../../../Engine/Content/EngineFonts/Faces/RobotoLight.uexp" 184
"../../../Engine/Content/EngineFonts/Faces/RobotoLight.uasset" 185
"../../../Engine/Content/EngineFonts/Faces/RobotoLight.ufont" 186
"../../../Engine/Content/EngineFonts/Faces/RobotoBold.uexp" 187
"../../../Engine/Content/EngineFonts/Faces/RobotoBold.uasset" 188
"../../../Engine/Content/EngineFonts/Faces/RobotoBold.ufont" 189
"../../../Engine/Content/EngineFonts/Faces/RobotoRegular.uexp" 190
"../../../Engine/Content/EngineFonts/Faces/RobotoRegular.uasset" 191
"../../../Engine/Content/EngineFonts/Faces/RobotoRegular.ufont" 192
"../../../Engine/Content/EngineFonts/Faces/DroidSansFallback.uexp" 193
"../../../Engine/Content/EngineFonts/Faces/DroidSansFallback.uasset" 194
"../../../Engine/Content/EngineFonts/Faces/DroidSansFallback.ufont" 195
"../../../Engine/Content/EngineFonts/Faces/RobotoItalic.uexp" 196
"../../../Engine/Content/EngineFonts/Faces/RobotoItalic.uasset" 197
"../../../Engine/Content/EngineFonts/Faces/RobotoItalic.ufont" 198
"../../../Engine/Content/EngineFonts/Faces/RobotoBoldItalic.uexp" 199
"../../../Engine/Content/EngineFonts/Faces/RobotoBoldItalic.uasset" 200
"../../../Engine/Content/EngineFonts/Faces/RobotoBoldItalic.ufont" 201
"../../../Engine/Content/EngineFonts/Roboto.uasset" 202
"../../../Engine/Content/EngineFonts/Roboto.uexp" 203
"../../../Engine/Content/EngineResources/WhiteSquareTexture.uasset" 204
"../../../Engine/Content/EngineResources/WhiteSquareTexture.uexp" 205
"../../../Engine/Content/EngineMaterials/Widget3DPassThrough.uasset" 206
"../../../Engine/Content/EngineMaterials/Widget3DPassThrough.uexp" 207
"../../../Engine/Content/EngineMaterials/Widget3DPassThrough_Translucent.uasset" 208
"../../../Engine/Content/EngineMaterials/Widget3DPassThrough_Translucent.uexp" 209
"../../../Engine/Content/EngineMaterials/Widget3DPassThrough_Translucent_OneSided.uasset" 210
"../../../Engine/Content/EngineMaterials/Widget3DPassThrough_Translucent_OneSided.uexp" 211
"../../../Engine/Content/EngineMaterials/Widget3DPassThrough_Opaque.uasset" 212
"../../../Engine/Content/EngineMaterials/Widget3DPassThrough_Opaque.uexp" 213
"../../../Engine/Content/EngineMaterials/Widget3DPassThrough_Opaque_OneSided.uasset" 214
"../../../Engine/Content/EngineMaterials/Widget3DPassThrough_Opaque_OneSided.uexp" 215
"../../../Engine/Content/EngineMaterials/Widget3DPassThrough_Masked_OneSided.uasset" 216
"../../../Engine/Content/EngineMaterials/Widget3DPassThrough_Masked_OneSided.uexp" 217
"../../../Engine/Content/EngineMaterials/Widget3DPassThrough_Masked.uasset" 218
"../../../Engine/Content/EngineMaterials/Widget3DPassThrough_Masked.uexp" 219
"../../../Engine/Content/EngineMaterials/STBlueNoise_vec2_128x128x64.uasset" 220
"../../../Engine/Content/EngineMaterials/STBlueNoise_vec2_128x128x64.uexp" 221
"../../../Engine/Content/EngineMaterials/STBlueNoise_scalar_128x128x64.uasset" 222
"../../../Engine/Content/EngineMaterials/STBlueNoise_scalar_128x128x64.uexp" 223
"../../../Engine/Content/EngineMaterials/RemoveSurfaceMaterial.uasset" 224
"../../../Engine/Content/EngineMaterials/RemoveSurfaceMaterial.uexp" 225
"../../../Engine/Content/EngineMaterials/DefaultCalibrationGrayscale.uasset" 226
"../../../Engine/Content/EngineMaterials/DefaultCalibrationGrayscale.uexp" 227
"../../../Engine/Content/EngineMaterials/PPM_DefaultCalibrationGrayscale.uasset" 228
"../../../Engine/Content/EngineMaterials/PPM_DefaultCalibrationGrayscale.uexp" 229
"../../../Engine/Content/EngineMaterials/DefaultCalibrationColor.uasset" 230
"../../../Engine/Content/EngineMaterials/DefaultCalibrationColor.uexp" 231
"../../../Engine/Content/EngineMaterials/PPM_DefaultCalibrationColor.uasset" 232
"../../../Engine/Content/EngineMaterials/PPM_DefaultCalibrationColor.uexp" 233
"../../../Engine/Content/Functions/Engine_MaterialFunctions02/WorldPositionOffset/CameraOffset.uasset" 234
"../../../Engine/Content/Functions/Engine_MaterialFunctions02/WorldPositionOffset/CameraOffset.uexp" 235
"../../../Engine/Content/EngineMaterials/PhAT_JointLimitMaterial.uasset" 236
"../../../Engine/Content/EngineMaterials/PhAT_JointLimitMaterial.uexp" 237
"../../../Engine/Content/EngineMaterials/InvalidLightmapSettings.ubulk" 238
"../../../Engine/Content/EngineMaterials/InvalidLightmapSettings.uasset" 239
"../../../Engine/Content/EngineMaterials/InvalidLightmapSettings.uexp" 240
"../../../Engine/Content/EngineMaterials/M_InvalidLightmapSettings.uasset" 241
"../../../Engine/Content/EngineMaterials/M_InvalidLightmapSettings.uexp" 242
"../../../Engine/Content/EngineMaterials/GizmoMaterial.uasset" 243
"../../../Engine/Content/EngineMaterials/GizmoMaterial.uexp" 244
"../../../Engine/Content/EngineMaterials/BaseFlattenEmissiveMap_VT.uasset" 245
"../../../Engine/Content/EngineMaterials/BaseFlattenEmissiveMap_VT.uexp" 246
"../../../Engine/Content/EngineMaterials/BaseFlattenGrayscaleMap_VT.uasset" 247
"../../../Engine/Content/EngineMaterials/BaseFlattenGrayscaleMap_VT.uexp" 248
"../../../Engine/Content/EngineMaterials/BaseFlattenLinearColor_VT.uasset" 249
"../../../Engine/Content/EngineMaterials/BaseFlattenLinearColor_VT.uexp" 250
"../../../Engine/Content/EngineMaterials/Black_1x1_EXR_Texture_VT.uasset" 251
"../../../Engine/Content/EngineMaterials/Black_1x1_EXR_Texture_VT.uexp" 252
"../../../Engine/Content/EngineMaterials/BaseFlattenDiffuseMap_VT.uasset" 253
"../../../Engine/Content/EngineMaterials/BaseFlattenDiffuseMap_VT.uexp" 254
"../../../Engine/Content/EngineMaterials/BaseFlattenNormalMap_VT.uasset" 255
"../../../Engine/Content/EngineMaterials/BaseFlattenNormalMap_VT.uexp" 256
"../../../Engine/Content/EngineMaterials/FlattenMaterial_WS_Normal_VT.uasset" 257
"../../../Engine/Content/EngineMaterials/FlattenMaterial_WS_Normal_VT.uexp" 258
"../../../Engine/Content/EngineMaterials/FlattenMaterial_VT.uasset" 259
"../../../Engine/Content/EngineMaterials/FlattenMaterial_VT.uexp" 260
"../../../Engine/Content/EngineMaterials/BaseFlattenNormalMap.uasset" 261
"../../../Engine/Content/EngineMaterials/BaseFlattenNormalMap.uexp" 262
"../../../Engine/Content/EngineMaterials/BaseFlattenGrayscaleMap.uasset" 263
"../../../Engine/Content/EngineMaterials/BaseFlattenGrayscaleMap.uexp" 264
"../../../Engine/Content/EngineMaterials/BaseFlattenDiffuseMap.uasset" 265
"../../../Engine/Content/EngineMaterials/BaseFlattenDiffuseMap.uexp" 266
"../../../Engine/Content/Functions/Engine_MaterialFunctions02/PivotPainter2/Black_1x1_EXR_Texture.uasset" 267
"../../../Engine/Content/Functions/Engine_MaterialFunctions02/PivotPainter2/Black_1x1_EXR_Texture.uexp" 268
"../../../Engine/Content/EngineMaterials/BaseFlattenEmissiveMap.uasset" 269
"../../../Engine/Content/EngineMaterials/BaseFlattenEmissiveMap.uexp" 270
"../../../Engine/Content/EngineMaterials/BaseFlattenLinearColor.uasset" 271
"../../../Engine/Content/EngineMaterials/BaseFlattenLinearColor.uexp" 272
"../../../Engine/Content/EngineMaterials/FlattenMaterial.uasset" 273
"../../../Engine/Content/EngineMaterials/FlattenMaterial.uexp" 274
"../../../Engine/Content/EngineMaterials/DefaultWhiteGrid_Low.uasset" 275
"../../../Engine/Content/EngineMaterials/DefaultWhiteGrid_Low.uexp" 276
"../../../Engine/Content/EngineMaterials/EmissiveMeshMaterial.uasset" 277
"../../../Engine/Content/EngineMaterials/EmissiveMeshMaterial.uexp" 278
"../../../Engine/Content/EngineFonts/RobotoDistanceField.uasset" 279
"../../../Engine/Content/EngineFonts/RobotoDistanceField.uexp" 280
"../../../Engine/Content/EngineMaterials/DefaultTextMaterialOpaque.uasset" 281
"../../../Engine/Content/EngineMaterials/DefaultTextMaterialOpaque.uexp" 282
"../../../Engine/Content/EngineMaterials/DefaultDiffuse.ubulk" 283
"../../../Engine/Content/EngineMaterials/DefaultDiffuse.uasset" 284
"../../../Engine/Content/EngineMaterials/DefaultDiffuse.uexp" 285
"../../../Engine/Content/Functions/Engine_MaterialFunctions02/Utility/BreakOutFloat2Components.uasset" 286
"../../../Engine/Content/Functions/Engine_MaterialFunctions02/Utility/BreakOutFloat2Components.uexp" 287
"../../../Engine/Content/EngineMaterials/DefaultPostProcessMaterial.uasset" 288
"../../../Engine/Content/EngineMaterials/DefaultPostProcessMaterial.uexp" 289
"../../../Engine/Content/EngineMaterials/DefaultPhysicalMaterial.uasset" 290
"../../../Engine/Content/EngineMaterials/DefaultPhysicalMaterial.uexp" 291
"../../../Engine/Content/EngineMaterials/DefaultLightFunctionMaterial.uasset" 292
"../../../Engine/Content/EngineMaterials/DefaultLightFunctionMaterial.uexp" 293
"../../../Engine/Content/EngineMaterials/DefaultDestructiblePhysicalMaterial.uasset" 294
"../../../Engine/Content/EngineMaterials/DefaultDestructiblePhysicalMaterial.uexp" 295
"../../../Engine/Content/EngineMaterials/DefaultDeferredDecalMaterial.uasset" 296
"../../../Engine/Content/EngineMaterials/DefaultDeferredDecalMaterial.uexp" 297
"../../../Engine/Content/EngineMaterials/DefaultBloomKernel.uasset" 298
"../../../Engine/Content/EngineMaterials/DefaultBloomKernel.uexp" 299
"../../../Engine/Content/EngineResources/FilmGrains/Marcie_Grain_v3_128_M2_000.uasset" 300
"../../../Engine/Content/EngineResources/FilmGrains/Marcie_Grain_v3_128_M2_000.uexp" 301
"../../../Engine/Content/EngineSky/VolumetricClouds/CloudWeatherTexture.uasset" 302
"../../../Engine/Content/EngineSky/VolumetricClouds/CloudWeatherTexture.uexp" 303
"../../../Engine/Content/Functions/Engine_MaterialFunctions02/Utility/MakeFloat2.uasset" 304
"../../../Engine/Content/Functions/Engine_MaterialFunctions02/Utility/MakeFloat2.uexp" 305
"../../../Engine/Content/EngineSky/VolumetricClouds/CloudGradientTexture.uasset" 306
"../../../Engine/Content/EngineSky/VolumetricClouds/CloudGradientTexture.uexp" 307
"../../../Engine/Content/EngineSky/VolumetricClouds/T_NoiseShape64.ubulk" 308
"../../../Engine/Content/EngineSky/VolumetricClouds/T_NoiseShape64.uasset" 309
"../../../Engine/Content/EngineSky/VolumetricClouds/T_NoiseShape64.uexp" 310
"../../../Engine/Content/EngineSky/VolumetricClouds/T_VolumeNoiseShape64.uasset" 311
"../../../Engine/Content/EngineSky/VolumetricClouds/T_VolumeNoiseShape64.uexp" 312
"../../../Engine/Content/EngineSky/VolumetricClouds/T_NoiseErosion.ubulk" 313
"../../../Engine/Content/EngineSky/VolumetricClouds/T_NoiseErosion.uasset" 314
"../../../Engine/Content/EngineSky/VolumetricClouds/T_NoiseErosion.uexp" 315
"../../../Engine/Content/EngineSky/VolumetricClouds/T_VolumeNoiseErosion32.uasset" 316
"../../../Engine/Content/EngineSky/VolumetricClouds/T_VolumeNoiseErosion32.uexp" 317
"../../../Engine/Content/EngineSky/VolumetricClouds/m_SimpleVolumetricCloud.uasset" 318
"../../../Engine/Content/EngineSky/VolumetricClouds/m_SimpleVolumetricCloud.uexp" 319
"../../../Engine/Content/EngineSky/VolumetricClouds/m_SimpleVolumetricCloud_Inst.uasset" 320
"../../../Engine/Content/EngineSky/VolumetricClouds/m_SimpleVolumetricCloud_Inst.uexp" 321
"../../../Engine/Content/EngineSounds/Master.uasset" 322
"../../../Engine/Content/EngineSounds/Master.uexp" 323
"../../../Engine/Content/Functions/Engine_MaterialFunctions01/Shading/PowerToRoughness.uasset" 324
"../../../Engine/Content/Functions/Engine_MaterialFunctions01/Shading/PowerToRoughness.uexp" 325
"../../../Engine/Content/MobileResources/HUD/VirtualJoystick_Background.uasset" 326
"../../../Engine/Content/MobileResources/HUD/VirtualJoystick_Background.uexp" 327
"../../../Engine/Content/MobileResources/HUD/VirtualJoystick_Thumb.uasset" 328
"../../../Engine/Content/MobileResources/HUD/VirtualJoystick_Thumb.uexp" 329
"../../../Engine/Content/MobileResources/HUD/DefaultVirtualJoysticks.uasset" 330
"../../../Engine/Content/MobileResources/HUD/DefaultVirtualJoysticks.uexp" 331
"../../../Engine/Plugins/2D/Paper2D/Content/PlaceholderTextures/DummySpriteTexture.ubulk" 332
"../../../Engine/Plugins/2D/Paper2D/Content/PlaceholderTextures/DummySpriteTexture.uasset" 333
"../../../Engine/Plugins/2D/Paper2D/Content/PlaceholderTextures/DummySpriteTexture.uexp" 334
"../../../Engine/Plugins/2D/Paper2D/Content/DefaultSpriteMaterial.uasset" 335
"../../../Engine/Plugins/2D/Paper2D/Content/DefaultSpriteMaterial.uexp" 336
"../../../Engine/Plugins/2D/Paper2D/Content/OpaqueUnlitSpriteMaterial.uasset" 337
"../../../Engine/Plugins/2D/Paper2D/Content/OpaqueUnlitSpriteMaterial.uexp" 338
"../../../Engine/Plugins/2D/Paper2D/Content/MaskedUnlitSpriteMaterial.uasset" 339
"../../../Engine/Plugins/2D/Paper2D/Content/MaskedUnlitSpriteMaterial.uexp" 340
"../../../Engine/Plugins/2D/Paper2D/Content/DummySprite.uasset" 341
"../../../Engine/Plugins/2D/Paper2D/Content/DummySprite.uexp" 342
"../../../Engine/Plugins/2D/Paper2D/Content/DefaultPaperTerrainMaterial.uasset" 343
"../../../Engine/Plugins/2D/Paper2D/Content/DefaultPaperTerrainMaterial.uexp" 344
"../../../Engine/Plugins/Animation/ControlRig/Content/M_Manip.uasset" 345
"../../../Engine/Plugins/Animation/ControlRig/Content/M_Manip.uexp" 346
"../../../Engine/Plugins/Animation/ControlRig/Content/Controls/DefaultGizmoLibraryNormalized.uasset" 347
"../../../Engine/Plugins/Animation/ControlRig/Content/Controls/DefaultGizmoLibraryNormalized.uexp" 348
"../../../Engine/Plugins/Animation/ControlRig/Content/Controls/ControlRig_Wedge_solid.ubulk" 349
"../../../Engine/Plugins/Animation/ControlRig/Content/Controls/ControlRig_Wedge_solid.uasset" 350
"../../../Engine/Plugins/Animation/ControlRig/Content/Controls/ControlRig_Wedge_solid.uexp" 351
"../../../Engine/Plugins/Animation/ControlRig/Content/Controls/ControlRig_Wedge_3mm.ubulk" 352
"../../../Engine/Plugins/Animation/ControlRig/Content/Controls/ControlRig_Wedge_3mm.uasset" 353
"../../../Engine/Plugins/Animation/ControlRig/Content/Controls/ControlRig_Wedge_3mm.uexp" 354
"../../../Engine/Plugins/Animation/ControlRig/Content/Controls/ControlRig_Wedge_1mm.ubulk" 355
"../../../Engine/Plugins/Animation/ControlRig/Content/Controls/ControlRig_Wedge_1mm.uasset" 356
"../../../Engine/Plugins/Animation/ControlRig/Content/Controls/ControlRig_Wedge_1mm.uexp" 357
"../../../Engine/Plugins/Animation/ControlRig/Content/Controls/ControlRig_Triangle_solid.ubulk" 358
"../../../Engine/Plugins/Animation/ControlRig/Content/Controls/ControlRig_Triangle_solid.uasset" 359
"../../../Engine/Plugins/Animation/ControlRig/Content/Controls/ControlRig_Triangle_solid.uexp" 360
"../../../Engine/Plugins/Animation/ControlRig/Content/Controls/ControlRig_Triangle_3mm.ubulk" 361
"../../../Engine/Plugins/Animation/ControlRig/Content/Controls/ControlRig_Triangle_3mm.uasset" 362
"../../../Engine/Plugins/Animation/ControlRig/Content/Controls/ControlRig_Triangle_3mm.uexp" 363
"../../../Engine/Plugins/Animation/ControlRig/Content/Controls/ControlRig_Triangle_1mm.ubulk" 364
"../../../Engine/Plugins/Animation/ControlRig/Content/Controls/ControlRig_Triangle_1mm.uasset" 365
"../../../Engine/Plugins/Animation/ControlRig/Content/Controls/ControlRig_Triangle_1mm.uexp" 366
"../../../Engine/Plugins/Animation/ControlRig/Content/Controls/ControlRig_Star4_solid.ubulk" 367
"../../../Engine/Plugins/Animation/ControlRig/Content/Controls/ControlRig_Star4_solid.uasset" 368
"../../../Engine/Plugins/Animation/ControlRig/Content/Controls/ControlRig_Star4_solid.uexp" 369
"../../../Engine/Plugins/Animation/ControlRig/Content/Controls/ControlRig_Star4_3mm.ubulk" 370
"../../../Engine/Plugins/Animation/ControlRig/Content/Controls/ControlRig_Star4_3mm.uasset" 371
"../../../Engine/Plugins/Animation/ControlRig/Content/Controls/ControlRig_Star4_3mm.uexp" 372
"../../../Engine/Plugins/Animation/ControlRig/Content/Controls/ControlRig_Star4_1mm.ubulk" 373
"../../../Engine/Plugins/Animation/ControlRig/Content/Controls/ControlRig_Star4_1mm.uasset" 374
"../../../Engine/Plugins/Animation/ControlRig/Content/Controls/ControlRig_Star4_1mm.uexp" 375
"../../../Engine/Plugins/Animation/ControlRig/Content/Controls/ControlRig_Square_solid.ubulk" 376
"../../../Engine/Plugins/Animation/ControlRig/Content/Controls/ControlRig_Square_solid.uasset" 377
"../../../Engine/Plugins/Animation/ControlRig/Content/Controls/ControlRig_Square_solid.uexp" 378
"../../../Engine/Plugins/Animation/ControlRig/Content/Controls/ControlRig_Square_3mm.ubulk" 379
"../../../Engine/Plugins/Animation/ControlRig/Content/Controls/ControlRig_Square_3mm.uasset" 380
"../../../Engine/Plugins/Animation/ControlRig/Content/Controls/ControlRig_Square_3mm.uexp" 381
"../../../Engine/Plugins/Animation/ControlRig/Content/Controls/ControlRig_Square_1mm.ubulk" 382
"../../../Engine/Plugins/Animation/ControlRig/Content/Controls/ControlRig_Square_1mm.uasset" 383
"../../../Engine/Plugins/Animation/ControlRig/Content/Controls/ControlRig_Square_1mm.uexp" 384
"../../../Engine/Plugins/Animation/ControlRig/Content/Controls/ControlRig_Sphere_solid.ubulk" 385
"../../../Engine/Plugins/Animation/ControlRig/Content/Controls/ControlRig_Sphere_solid.uasset" 386
"../../../Engine/Plugins/Animation/ControlRig/Content/Controls/ControlRig_Sphere_solid.uexp" 387
"../../../Engine/Plugins/Animation/ControlRig/Content/Controls/ControlRig_Sphere_3mm.ubulk" 388
"../../../Engine/Plugins/Animation/ControlRig/Content/Controls/ControlRig_Sphere_3mm.uasset" 389
"../../../Engine/Plugins/Animation/ControlRig/Content/Controls/ControlRig_Sphere_3mm.uexp" 390
"../../../Engine/Plugins/Animation/ControlRig/Content/Controls/ControlRig_Sphere_1mm.ubulk" 391
"../../../Engine/Plugins/Animation/ControlRig/Content/Controls/ControlRig_Sphere_1mm.uasset" 392
"../../../Engine/Plugins/Animation/ControlRig/Content/Controls/ControlRig_Sphere_1mm.uexp" 393
"../../../Engine/Plugins/Animation/ControlRig/Content/Controls/ControlRig_RoundedTriangle_solid.ubulk" 394
"../../../Engine/Plugins/Animation/ControlRig/Content/Controls/ControlRig_RoundedTriangle_solid.uasset" 395
"../../../Engine/Plugins/Animation/ControlRig/Content/Controls/ControlRig_RoundedTriangle_solid.uexp" 396
"../../../Engine/Plugins/Animation/ControlRig/Content/Controls/ControlRig_RoundedTriangle_3mm.ubulk" 397
"../../../Engine/Plugins/Animation/ControlRig/Content/Controls/ControlRig_RoundedTriangle_3mm.uasset" 398
"../../../Engine/Plugins/Animation/ControlRig/Content/Controls/ControlRig_RoundedTriangle_3mm.uexp" 399
"../../../Engine/Plugins/Animation/ControlRig/Content/Controls/ControlRig_RoundedTriangle_1mm.ubulk" 400
"../../../Engine/Plugins/Animation/ControlRig/Content/Controls/ControlRig_RoundedTriangle_1mm.uasset" 401
"../../../Engine/Plugins/Animation/ControlRig/Content/Controls/ControlRig_RoundedTriangle_1mm.uexp" 402
"../../../Engine/Plugins/Animation/ControlRig/Content/Controls/ControlRig_RoundedSquare_solid.ubulk" 403
"../../../Engine/Plugins/Animation/ControlRig/Content/Controls/ControlRig_RoundedSquare_solid.uasset" 404
"../../../Engine/Plugins/Animation/ControlRig/Content/Controls/ControlRig_RoundedSquare_solid.uexp" 405
"../../../Engine/Plugins/Animation/ControlRig/Content/Controls/ControlRig_RoundedSquare_3mm.ubulk" 406
"../../../Engine/Plugins/Animation/ControlRig/Content/Controls/ControlRig_RoundedSquare_3mm.uasset" 407
"../../../Engine/Plugins/Animation/ControlRig/Content/Controls/ControlRig_RoundedSquare_3mm.uexp" 408
"../../../Engine/Plugins/Animation/ControlRig/Content/Controls/ControlRig_RoundedSquare_1mm.ubulk" 409
"../../../Engine/Plugins/Animation/ControlRig/Content/Controls/ControlRig_RoundedSquare_1mm.uasset" 410
"../../../Engine/Plugins/Animation/ControlRig/Content/Controls/ControlRig_RoundedSquare_1mm.uexp" 411
"../../../Engine/Plugins/Animation/ControlRig/Content/Controls/ControlRig_QuarterCircle_solid.ubulk" 412
"../../../Engine/Plugins/Animation/ControlRig/Content/Controls/ControlRig_QuarterCircle_solid.uasset" 413
"../../../Engine/Plugins/Animation/ControlRig/Content/Controls/ControlRig_QuarterCircle_solid.uexp" 414
"../../../Engine/Plugins/Animation/ControlRig/Content/Controls/ControlRig_QuarterCircle_3mm.ubulk" 415
"../../../Engine/Plugins/Animation/ControlRig/Content/Controls/ControlRig_QuarterCircle_3mm.uasset" 416
"../../../Engine/Plugins/Animation/ControlRig/Content/Controls/ControlRig_QuarterCircle_3mm.uexp" 417
"../../../Engine/Plugins/Animation/ControlRig/Content/Controls/ControlRig_QuarterCircle_1mm.ubulk" 418
"../../../Engine/Plugins/Animation/ControlRig/Content/Controls/ControlRig_QuarterCircle_1mm.uasset" 419
"../../../Engine/Plugins/Animation/ControlRig/Content/Controls/ControlRig_QuarterCircle_1mm.uexp" 420
"../../../Engine/Plugins/Animation/ControlRig/Content/Controls/ControlRig_Pyramid_solid.ubulk" 421
"../../../Engine/Plugins/Animation/ControlRig/Content/Controls/ControlRig_Pyramid_solid.uasset" 422
"../../../Engine/Plugins/Animation/ControlRig/Content/Controls/ControlRig_Pyramid_solid.uexp" 423
"../../../Engine/Plugins/Animation/ControlRig/Content/Controls/ControlRig_Pyramid_3mm.ubulk" 424
"../../../Engine/Plugins/Animation/ControlRig/Content/Controls/ControlRig_Pyramid_3mm.uasset" 425
"../../../Engine/Plugins/Animation/ControlRig/Content/Controls/ControlRig_Pyramid_3mm.uexp" 426
"../../../Engine/Plugins/Animation/ControlRig/Content/Controls/ControlRig_Pyramid_1mm.ubulk" 427
"../../../Engine/Plugins/Animation/ControlRig/Content/Controls/ControlRig_Pyramid_1mm.uasset" 428
"../../../Engine/Plugins/Animation/ControlRig/Content/Controls/ControlRig_Pyramid_1mm.uexp" 429
"../../../Engine/Plugins/Animation/ControlRig/Content/Controls/ControlRig_Octagon_solid.ubulk" 430
"../../../Engine/Plugins/Animation/ControlRig/Content/Controls/ControlRig_Octagon_solid.uasset" 431
"../../../Engine/Plugins/Animation/ControlRig/Content/Controls/ControlRig_Octagon_solid.uexp" 432
"../../../Engine/Plugins/Animation/ControlRig/Content/Controls/ControlRig_Octagon_3mm.ubulk" 433
"../../../Engine/Plugins/Animation/ControlRig/Content/Controls/ControlRig_Octagon_3mm.uasset" 434
"../../../Engine/Plugins/Animation/ControlRig/Content/Controls/ControlRig_Octagon_3mm.uexp" 435
"../../../Engine/Plugins/Animation/ControlRig/Content/Controls/ControlRig_Octagon_1mm.ubulk" 436
"../../../Engine/Plugins/Animation/ControlRig/Content/Controls/ControlRig_Octagon_1mm.uasset" 437
"../../../Engine/Plugins/Animation/ControlRig/Content/Controls/ControlRig_Octagon_1mm.uexp" 438
"../../../Engine/Plugins/Animation/ControlRig/Content/Controls/ControlRig_Hexagon_solid.ubulk" 439
"../../../Engine/Plugins/Animation/ControlRig/Content/Controls/ControlRig_Hexagon_solid.uasset" 440
"../../../Engine/Plugins/Animation/ControlRig/Content/Controls/ControlRig_Hexagon_solid.uexp" 441
"../../../Engine/Plugins/Animation/ControlRig/Content/Controls/ControlRig_Hexagon_3mm.ubulk" 442
"../../../Engine/Plugins/Animation/ControlRig/Content/Controls/ControlRig_Hexagon_3mm.uasset" 443
"../../../Engine/Plugins/Animation/ControlRig/Content/Controls/ControlRig_Hexagon_3mm.uexp" 444
"../../../Engine/Plugins/Animation/ControlRig/Content/Controls/ControlRig_Hexagon_1mm.ubulk" 445
"../../../Engine/Plugins/Animation/ControlRig/Content/Controls/ControlRig_Hexagon_1mm.uasset" 446
"../../../Engine/Plugins/Animation/ControlRig/Content/Controls/ControlRig_Hexagon_1mm.uexp" 447
"../../../Engine/Plugins/Animation/ControlRig/Content/Controls/ControlRig_HalfCircle_solid.ubulk" 448
"../../../Engine/Plugins/Animation/ControlRig/Content/Controls/ControlRig_HalfCircle_solid.uasset" 449
"../../../Engine/Plugins/Animation/ControlRig/Content/Controls/ControlRig_HalfCircle_solid.uexp" 450
"../../../Engine/Plugins/Animation/ControlRig/Content/Controls/ControlRig_HalfCircle_3mm.ubulk" 451
"../../../Engine/Plugins/Animation/ControlRig/Content/Controls/ControlRig_HalfCircle_3mm.uasset" 452
"../../../Engine/Plugins/Animation/ControlRig/Content/Controls/ControlRig_HalfCircle_3mm.uexp" 453
"../../../Engine/Plugins/Animation/ControlRig/Content/Controls/ControlRig_HalfCircle_1mm.ubulk" 454
"../../../Engine/Plugins/Animation/ControlRig/Content/Controls/ControlRig_HalfCircle_1mm.uasset" 455
"../../../Engine/Plugins/Animation/ControlRig/Content/Controls/ControlRig_HalfCircle_1mm.uexp" 456
"../../../Engine/Plugins/Animation/ControlRig/Content/Controls/ControlRig_Diamond_solid.ubulk" 457
"../../../Engine/Plugins/Animation/ControlRig/Content/Controls/ControlRig_Diamond_solid.uasset" 458
"../../../Engine/Plugins/Animation/ControlRig/Content/Controls/ControlRig_Diamond_solid.uexp" 459
"../../../Engine/Plugins/Animation/ControlRig/Content/Controls/ControlRig_Diamond_3mm.ubulk" 460
"../../../Engine/Plugins/Animation/ControlRig/Content/Controls/ControlRig_Diamond_3mm.uasset" 461
"../../../Engine/Plugins/Animation/ControlRig/Content/Controls/ControlRig_Diamond_3mm.uexp" 462
"../../../Engine/Plugins/Animation/ControlRig/Content/Controls/ControlRig_Diamond_1mm.ubulk" 463
"../../../Engine/Plugins/Animation/ControlRig/Content/Controls/ControlRig_Diamond_1mm.uasset" 464
"../../../Engine/Plugins/Animation/ControlRig/Content/Controls/ControlRig_Diamond_1mm.uexp" 465
"../../../Engine/Plugins/Animation/ControlRig/Content/Controls/ControlRig_Circle_solid.ubulk" 466
"../../../Engine/Plugins/Animation/ControlRig/Content/Controls/ControlRig_Circle_solid.uasset" 467
"../../../Engine/Plugins/Animation/ControlRig/Content/Controls/ControlRig_Circle_solid.uexp" 468
"../../../Engine/Plugins/Animation/ControlRig/Content/Controls/ControlRig_Circle_3mm.ubulk" 469
"../../../Engine/Plugins/Animation/ControlRig/Content/Controls/ControlRig_Circle_3mm.uasset" 470
"../../../Engine/Plugins/Animation/ControlRig/Content/Controls/ControlRig_Circle_3mm.uexp" 471
"../../../Engine/Plugins/Animation/ControlRig/Content/Controls/ControlRig_Circle_1mm.ubulk" 472
"../../../Engine/Plugins/Animation/ControlRig/Content/Controls/ControlRig_Circle_1mm.uasset" 473
"../../../Engine/Plugins/Animation/ControlRig/Content/Controls/ControlRig_Circle_1mm.uexp" 474
"../../../Engine/Plugins/Animation/ControlRig/Content/Controls/ControlRig_Box_solid.ubulk" 475
"../../../Engine/Plugins/Animation/ControlRig/Content/Controls/ControlRig_Box_solid.uasset" 476
"../../../Engine/Plugins/Animation/ControlRig/Content/Controls/ControlRig_Box_solid.uexp" 477
"../../../Engine/Plugins/Animation/ControlRig/Content/Controls/ControlRig_Box_3mm.ubulk" 478
"../../../Engine/Plugins/Animation/ControlRig/Content/Controls/ControlRig_Box_3mm.uasset" 479
"../../../Engine/Plugins/Animation/ControlRig/Content/Controls/ControlRig_Box_3mm.uexp" 480
"../../../Engine/Plugins/Animation/ControlRig/Content/Controls/ControlRig_Box_1mm.ubulk" 481
"../../../Engine/Plugins/Animation/ControlRig/Content/Controls/ControlRig_Box_1mm.uasset" 482
"../../../Engine/Plugins/Animation/ControlRig/Content/Controls/ControlRig_Box_1mm.uexp" 483
"../../../Engine/Plugins/Animation/ControlRig/Content/Controls/ControlRig_Arrow_solid.ubulk" 484
"../../../Engine/Plugins/Animation/ControlRig/Content/Controls/ControlRig_Arrow_solid.uasset" 485
"../../../Engine/Plugins/Animation/ControlRig/Content/Controls/ControlRig_Arrow_solid.uexp" 486
"../../../Engine/Plugins/Animation/ControlRig/Content/Controls/ControlRig_Arrow_3mm.ubulk" 487
"../../../Engine/Plugins/Animation/ControlRig/Content/Controls/ControlRig_Arrow_3mm.uasset" 488
"../../../Engine/Plugins/Animation/ControlRig/Content/Controls/ControlRig_Arrow_3mm.uexp" 489
"../../../Engine/Plugins/Animation/ControlRig/Content/Controls/ControlRig_Arrow_1mm.ubulk" 490
"../../../Engine/Plugins/Animation/ControlRig/Content/Controls/ControlRig_Arrow_1mm.uasset" 491
"../../../Engine/Plugins/Animation/ControlRig/Content/Controls/ControlRig_Arrow_1mm.uexp" 492
"../../../Engine/Plugins/Animation/ControlRig/Content/Controls/ControlRig_Arrow4_solid.ubulk" 493
"../../../Engine/Plugins/Animation/ControlRig/Content/Controls/ControlRig_Arrow4_solid.uasset" 494
"../../../Engine/Plugins/Animation/ControlRig/Content/Controls/ControlRig_Arrow4_solid.uexp" 495
"../../../Engine/Plugins/Animation/ControlRig/Content/Controls/ControlRig_Arrow4_3mm.ubulk" 496
"../../../Engine/Plugins/Animation/ControlRig/Content/Controls/ControlRig_Arrow4_3mm.uasset" 497
"../../../Engine/Plugins/Animation/ControlRig/Content/Controls/ControlRig_Arrow4_3mm.uexp" 498
"../../../Engine/Plugins/Animation/ControlRig/Content/Controls/ControlRig_Arrow4_1mm.ubulk" 499
"../../../Engine/Plugins/Animation/ControlRig/Content/Controls/ControlRig_Arrow4_1mm.uasset" 500
"../../../Engine/Plugins/Animation/ControlRig/Content/Controls/ControlRig_Arrow4_1mm.uexp" 501
"../../../Engine/Plugins/Animation/ControlRig/Content/Controls/ControlRig_Arrow2_solid.ubulk" 502
"../../../Engine/Plugins/Animation/ControlRig/Content/Controls/ControlRig_Arrow2_solid.uasset" 503
"../../../Engine/Plugins/Animation/ControlRig/Content/Controls/ControlRig_Arrow2_solid.uexp" 504
"../../../Engine/Plugins/Animation/ControlRig/Content/Controls/ControlRig_Arrow2_3mm.ubulk" 505
"../../../Engine/Plugins/Animation/ControlRig/Content/Controls/ControlRig_Arrow2_3mm.uasset" 506
"../../../Engine/Plugins/Animation/ControlRig/Content/Controls/ControlRig_Arrow2_3mm.uexp" 507
"../../../Engine/Plugins/Animation/ControlRig/Content/Controls/ControlRig_Arrow2_1mm.ubulk" 508
"../../../Engine/Plugins/Animation/ControlRig/Content/Controls/ControlRig_Arrow2_1mm.uasset" 509
"../../../Engine/Plugins/Animation/ControlRig/Content/Controls/ControlRig_Arrow2_1mm.uexp" 510
"../../../Engine/Plugins/Animation/ControlRig/Content/Controls/ControlRigXRayMaterial.uasset" 511
"../../../Engine/Plugins/Animation/ControlRig/Content/Controls/ControlRigXRayMaterial.uexp" 512
"../../../Engine/Plugins/Animation/ControlRig/Content/Controls/ControlRigGizmoMaterial.uasset" 513
"../../../Engine/Plugins/Animation/ControlRig/Content/Controls/ControlRigGizmoMaterial.uexp" 514
"../../../Engine/Plugins/Editor/SpeedTreeImporter/Content/SpeedTree9/game_wind_noise.ubulk" 515
"../../../Engine/Plugins/Editor/SpeedTreeImporter/Content/SpeedTree9/game_wind_noise.uasset" 516
"../../../Engine/Plugins/Editor/SpeedTreeImporter/Content/SpeedTree9/game_wind_noise.uexp" 517
"../../../Engine/Plugins/Editor/SpeedTreeImporter/Content/SpeedTree9/UnpackDirection.uasset" 518
"../../../Engine/Plugins/Editor/SpeedTreeImporter/Content/SpeedTree9/UnpackDirection.uexp" 519
"../../../Engine/Content/Functions/Engine_MaterialFunctions02/ObjectLocalBounds.uasset" 520
"../../../Engine/Content/Functions/Engine_MaterialFunctions02/ObjectLocalBounds.uexp" 521
"../../../Engine/Content/Functions/Engine_MaterialFunctions02/UVs/BoundingBoxBased_0-1_UVW.uasset" 522
"../../../Engine/Content/Functions/Engine_MaterialFunctions02/UVs/BoundingBoxBased_0-1_UVW.uexp" 523
"../../../Engine/Content/Functions/Engine_MaterialFunctions02/Utility/VectorLength.uasset" 524
"../../../Engine/Content/Functions/Engine_MaterialFunctions02/Utility/VectorLength.uexp" 525
"../../../Engine/Plugins/Editor/SpeedTreeImporter/Content/SpeedTree9/UnpackInteger3.uasset" 526
"../../../Engine/Plugins/Editor/SpeedTreeImporter/Content/SpeedTree9/UnpackInteger3.uexp" 527
"../../../Engine/Plugins/Editor/SpeedTreeImporter/Content/SpeedTree9/SpeedTreeCameraFacing.uasset" 528
"../../../Engine/Plugins/Editor/SpeedTreeImporter/Content/SpeedTree9/SpeedTreeCameraFacing.uexp" 529
"../../../Engine/Content/Functions/Engine_MaterialFunctions02/WorldPositionOffset/ObjectScale.uasset" 530
"../../../Engine/Content/Functions/Engine_MaterialFunctions02/WorldPositionOffset/ObjectScale.uexp" 531
"../../../Engine/Content/Functions/Engine_MaterialFunctions02/SafeNormalize.uasset" 532
"../../../Engine/Content/Functions/Engine_MaterialFunctions02/SafeNormalize.uexp" 533
"../../../Engine/Plugins/Editor/SpeedTreeImporter/Content/SpeedTree9/SpeedTreeWindMotion.uasset" 534
"../../../Engine/Plugins/Editor/SpeedTreeImporter/Content/SpeedTree9/SpeedTreeWindMotion.uexp" 535
"../../../Engine/Plugins/Editor/SpeedTreeImporter/Content/SpeedTree9/SpeedTreeBranchMotion.uasset" 536
"../../../Engine/Plugins/Editor/SpeedTreeImporter/Content/SpeedTree9/SpeedTreeBranchMotion.uexp" 537
"../../../Engine/Plugins/Editor/SpeedTreeImporter/Content/SpeedTree9/SpeedTreeWind.uasset" 538
"../../../Engine/Plugins/Editor/SpeedTreeImporter/Content/SpeedTree9/SpeedTreeWind.uexp" 539
"../../../Engine/Plugins/Editor/SpeedTreeImporter/Content/SpeedTree9/EmptyNormal.uasset" 540
"../../../Engine/Plugins/Editor/SpeedTreeImporter/Content/SpeedTree9/EmptyNormal.uexp" 541
"../../../Engine/Plugins/Editor/SpeedTreeImporter/Content/SpeedTree9/Empty.uasset" 542
"../../../Engine/Plugins/Editor/SpeedTreeImporter/Content/SpeedTree9/Empty.uexp" 543
"../../../Engine/Plugins/Editor/SpeedTreeImporter/Content/SpeedTree9/SpeedTreeMaster.uasset" 544
"../../../Engine/Plugins/Editor/SpeedTreeImporter/Content/SpeedTree9/SpeedTreeMaster.uexp" 545
"../../../Engine/Plugins/Editor/SpeedTreeImporter/Content/SpeedTree9/SpeedTreeBillboard.uasset" 546
"../../../Engine/Plugins/Editor/SpeedTreeImporter/Content/SpeedTree9/SpeedTreeBillboard.uexp" 547
"../../../Engine/Plugins/Editor/SpeedTreeImporter/Content/SpeedTree9/SpeedTreeBillboardMaster.uasset" 548
"../../../Engine/Plugins/Editor/SpeedTreeImporter/Content/SpeedTree9/SpeedTreeBillboardMaster.uexp" 549
"../../../Engine/Content/Functions/Engine_MaterialFunctions02/Texturing/CustomRotator.uasset" 550
"../../../Engine/Content/Functions/Engine_MaterialFunctions02/Texturing/CustomRotator.uexp" 551
"../../../Engine/Content/Functions/Engine_MaterialFunctions02/Texturing/ScreenAlignedPixelToPixelUVs.uasset" 552
"../../../Engine/Content/Functions/Engine_MaterialFunctions02/Texturing/ScreenAlignedPixelToPixelUVs.uexp" 553
"../../../Engine/Plugins/Interchange/Runtime/Content/Utilities/T_Bayer64_Grayscale_64px.uasset" 554
"../../../Engine/Plugins/Interchange/Runtime/Content/Utilities/T_Bayer64_Grayscale_64px.uexp" 555
"../../../Engine/Plugins/Interchange/Runtime/Content/gltf/MaterialFunctions/MF_Temporal_Blur.uasset" 556
"../../../Engine/Plugins/Interchange/Runtime/Content/gltf/MaterialFunctions/MF_Temporal_Blur.uexp" 557
"../../../Engine/Plugins/Interchange/Runtime/Content/gltf/MaterialFunctions/MF_Fresnel_DS.uasset" 558
"../../../Engine/Plugins/Interchange/Runtime/Content/gltf/MaterialFunctions/MF_Fresnel_DS.uexp" 559
"../../../Engine/Plugins/Interchange/Runtime/Content/Functions/MX_Transmission.uasset" 560
"../../../Engine/Plugins/Interchange/Runtime/Content/Functions/MX_Transmission.uexp" 561
"../../../Engine/Plugins/Interchange/Runtime/Content/Functions/MF_OrenNayerView.uasset" 562
"../../../Engine/Plugins/Interchange/Runtime/Content/Functions/MF_OrenNayerView.uexp" 563
"../../../Engine/Plugins/Interchange/Runtime/Content/Functions/MF_SchlickApprox.uasset" 564
"../../../Engine/Plugins/Interchange/Runtime/Content/Functions/MF_SchlickApprox.uexp" 565
"../../../Engine/Plugins/Interchange/Runtime/Content/Utilities/New_LUT.uasset" 566
"../../../Engine/Plugins/Interchange/Runtime/Content/Utilities/New_LUT.uexp" 567
"../../../Engine/Content/Functions/Engine_MaterialFunctions03/Math/RemapValueRange.uasset" 568
"../../../Engine/Content/Functions/Engine_MaterialFunctions03/Math/RemapValueRange.uexp" 569
"../../../Engine/Plugins/Interchange/Runtime/Content/Functions/MF_Iridescence.uasset" 570
"../../../Engine/Plugins/Interchange/Runtime/Content/Functions/MF_Iridescence.uexp" 571
"../../../Engine/Plugins/Interchange/Runtime/Content/Functions/MX_StandardSurface.uasset" 572
"../../../Engine/Plugins/Interchange/Runtime/Content/Functions/MX_StandardSurface.uexp" 573
"../../../Engine/Plugins/Interchange/Runtime/Content/Functions/MX_TransmissionSurface.uasset" 574
"../../../Engine/Plugins/Interchange/Runtime/Content/Functions/MX_TransmissionSurface.uexp" 575
"../../../Engine/Content/Functions/Engine_MaterialFunctions02/Math/AddComponents.uasset" 576
"../../../Engine/Content/Functions/Engine_MaterialFunctions02/Math/AddComponents.uexp" 577
"../../../Engine/Content/Functions/Engine_MaterialFunctions02/WorldPositionOffset/V2/ObjectScale.uasset" 578
"../../../Engine/Content/Functions/Engine_MaterialFunctions02/WorldPositionOffset/V2/ObjectScale.uexp" 579
"../../../Engine/Plugins/Interchange/Runtime/Content/gltf/MaterialFunctions/MF_TransmissionOpacity.uasset" 580
"../../../Engine/Plugins/Interchange/Runtime/Content/gltf/MaterialFunctions/MF_TransmissionOpacity.uexp" 581
"../../../Engine/Plugins/Interchange/Runtime/Content/gltf/MaterialFunctions/MF_RotateV2.uasset" 582
"../../../Engine/Plugins/Interchange/Runtime/Content/gltf/MaterialFunctions/MF_RotateV2.uexp" 583
"../../../Engine/Plugins/Interchange/Runtime/Content/gltf/MaterialFunctions/MF_TransformUVs.uasset" 584
"../../../Engine/Plugins/Interchange/Runtime/Content/gltf/MaterialFunctions/MF_TransformUVs.uexp" 585
"../../../Engine/Plugins/Interchange/Runtime/Content/gltf/Textures/T_White_srgb.uasset" 586
"../../../Engine/Plugins/Interchange/Runtime/Content/gltf/Textures/T_White_srgb.uexp" 587
"../../../Engine/Plugins/Interchange/Runtime/Content/gltf/MaterialFunctions/MF_BaseColor.uasset" 588
"../../../Engine/Plugins/Interchange/Runtime/Content/gltf/MaterialFunctions/MF_BaseColor.uexp" 589
"../../../Engine/Plugins/Interchange/Runtime/Content/gltf/MaterialFunctions/MF_DiffuseSpecGloss.uasset" 590
"../../../Engine/Plugins/Interchange/Runtime/Content/gltf/MaterialFunctions/MF_DiffuseSpecGloss.uexp" 591
"../../../Engine/Plugins/Interchange/Runtime/Content/gltf/Textures/T_White_Linear.uasset" 592
"../../../Engine/Plugins/Interchange/Runtime/Content/gltf/Textures/T_White_Linear.uexp" 593
"../../../Engine/Plugins/Interchange/Runtime/Content/gltf/MaterialFunctions/MF_MetallicRoughness.uasset" 594
"../../../Engine/Plugins/Interchange/Runtime/Content/gltf/MaterialFunctions/MF_MetallicRoughness.uexp" 595
"../../../Engine/Plugins/Interchange/Runtime/Content/gltf/MaterialFunctions/MF_Transmission.uasset" 596
"../../../Engine/Plugins/Interchange/Runtime/Content/gltf/MaterialFunctions/MF_Transmission.uexp" 597
"../../../Engine/Plugins/Interchange/Runtime/Content/gltf/MaterialFunctions/MF_Occlusion.uasset" 598
"../../../Engine/Plugins/Interchange/Runtime/Content/gltf/MaterialFunctions/MF_Occlusion.uexp" 599
"../../../Engine/Plugins/Interchange/Runtime/Content/gltf/MaterialFunctions/MF_Specular.uasset" 600
"../../../Engine/Plugins/Interchange/Runtime/Content/gltf/MaterialFunctions/MF_Specular.uexp" 601
"../../../Engine/Plugins/Interchange/Runtime/Content/gltf/MaterialFunctions/MF_IOR.uasset" 602
"../../../Engine/Plugins/Interchange/Runtime/Content/gltf/MaterialFunctions/MF_IOR.uexp" 603
"../../../Engine/Content/Functions/Engine_MaterialFunctions01/Texturing/FlattenNormal.uasset" 604
"../../../Engine/Content/Functions/Engine_MaterialFunctions01/Texturing/FlattenNormal.uexp" 605
"../../../Engine/Content/Functions/Engine_MaterialFunctions02/Math/Transform3x3Matrix.uasset" 606
"../../../Engine/Content/Functions/Engine_MaterialFunctions02/Math/Transform3x3Matrix.uexp" 607
"../../../Engine/Plugins/Interchange/Runtime/Content/gltf/MaterialFunctions/MF_RotateNormals_TS.uasset" 608
"../../../Engine/Plugins/Interchange/Runtime/Content/gltf/MaterialFunctions/MF_RotateNormals_TS.uexp" 609
"../../../Engine/Plugins/Interchange/Runtime/Content/gltf/Textures/T_Generic_N.uasset" 610
"../../../Engine/Plugins/Interchange/Runtime/Content/gltf/Textures/T_Generic_N.uexp" 611
"../../../Engine/Plugins/Interchange/Runtime/Content/gltf/MaterialFunctions/MF_Normals.uasset" 612
"../../../Engine/Plugins/Interchange/Runtime/Content/gltf/MaterialFunctions/MF_Normals.uexp" 613
"../../../Engine/Plugins/Interchange/Runtime/Content/gltf/MaterialFunctions/MF_PerceivedBrightness.uasset" 614
"../../../Engine/Plugins/Interchange/Runtime/Content/gltf/MaterialFunctions/MF_PerceivedBrightness.uexp" 615
"../../../Engine/Plugins/Interchange/Runtime/Content/gltf/MaterialFunctions/MF_SpecGlossToMetalRoughness.uasset" 616
"../../../Engine/Plugins/Interchange/Runtime/Content/gltf/MaterialFunctions/MF_SpecGlossToMetalRoughness.uexp" 617
"../../../Engine/Plugins/Interchange/Runtime/Content/gltf/M_Transmission.uasset" 618
"../../../Engine/Plugins/Interchange/Runtime/Content/gltf/M_Transmission.uexp" 619
"../../../Engine/Plugins/Interchange/Runtime/Content/gltf/MaterialInstances_MR/MI_Transmission_TS.uasset" 620
"../../../Engine/Plugins/Interchange/Runtime/Content/gltf/MaterialInstances_MR/MI_Transmission_TS.uexp" 621
"../../../Engine/Plugins/Interchange/Runtime/Content/gltf/MaterialInstances_MR/MI_Transmission.uasset" 622
"../../../Engine/Plugins/Interchange/Runtime/Content/gltf/MaterialInstances_MR/MI_Transmission.uexp" 623
"../../../Engine/Plugins/Interchange/Runtime/Content/gltf/MaterialFunctions/MF_Clearcoat.uasset" 624
"../../../Engine/Plugins/Interchange/Runtime/Content/gltf/MaterialFunctions/MF_Clearcoat.uexp" 625
"../../../Engine/Plugins/Interchange/Runtime/Content/gltf/MaterialFunctions/MF_Emissive.uasset" 626
"../../../Engine/Plugins/Interchange/Runtime/Content/gltf/MaterialFunctions/MF_Emissive.uexp" 627
"../../../Engine/Plugins/Interchange/Runtime/Content/gltf/M_Translucent.uasset" 628
"../../../Engine/Plugins/Interchange/Runtime/Content/gltf/M_Translucent.uexp" 629
"../../../Engine/Plugins/Interchange/Runtime/Content/gltf/MaterialInstances_MR/MI_Translucent_TS.uasset" 630
"../../../Engine/Plugins/Interchange/Runtime/Content/gltf/MaterialInstances_MR/MI_Translucent_TS.uexp" 631
"../../../Engine/Plugins/Interchange/Runtime/Content/gltf/MaterialInstances_MR/MI_Translucent_ClearCoat_TS.uasset" 632
"../../../Engine/Plugins/Interchange/Runtime/Content/gltf/MaterialInstances_MR/MI_Translucent_ClearCoat_TS.uexp" 633
"../../../Engine/Plugins/Interchange/Runtime/Content/gltf/MaterialInstances_MR/MI_Translucent_ClearCoat.uasset" 634
"../../../Engine/Plugins/Interchange/Runtime/Content/gltf/MaterialInstances_MR/MI_Translucent_ClearCoat.uexp" 635
"../../../Engine/Plugins/Interchange/Runtime/Content/gltf/MaterialInstances_MR/MI_Translucent.uasset" 636
"../../../Engine/Plugins/Interchange/Runtime/Content/gltf/MaterialInstances_MR/MI_Translucent.uexp" 637
"../../../Engine/Plugins/Interchange/Runtime/Content/gltf/M_Unlit.uasset" 638
"../../../Engine/Plugins/Interchange/Runtime/Content/gltf/M_Unlit.uexp" 639
"../../../Engine/Plugins/Interchange/Runtime/Content/gltf/MaterialInstances_MR/MI_Opaque_Unlit_TS.uasset" 640
"../../../Engine/Plugins/Interchange/Runtime/Content/gltf/MaterialInstances_MR/MI_Opaque_Unlit_TS.uexp" 641
"../../../Engine/Plugins/Interchange/Runtime/Content/gltf/MaterialInstances_MR/MI_Opaque_Unlit.uasset" 642
"../../../Engine/Plugins/Interchange/Runtime/Content/gltf/MaterialInstances_MR/MI_Opaque_Unlit.uexp" 643
"../../../Engine/Plugins/Interchange/Runtime/Content/gltf/M_Opaque.uasset" 644
"../../../Engine/Plugins/Interchange/Runtime/Content/gltf/M_Opaque.uexp" 645
"../../../Engine/Plugins/Interchange/Runtime/Content/gltf/MaterialInstances_MR/MI_Opaque_TS.uasset" 646
"../../../Engine/Plugins/Interchange/Runtime/Content/gltf/MaterialInstances_MR/MI_Opaque_TS.uexp" 647
"../../../Engine/Plugins/Interchange/Runtime/Content/gltf/MaterialFunctions/MF_Sheen.uasset" 648
"../../../Engine/Plugins/Interchange/Runtime/Content/gltf/MaterialFunctions/MF_Sheen.uexp" 649
"../../../Engine/Content/Functions/Engine_MaterialFunctions01/Shading/FuzzyShading.uasset" 650
"../../../Engine/Content/Functions/Engine_MaterialFunctions01/Shading/FuzzyShading.uexp" 651
"../../../Engine/Plugins/Interchange/Runtime/Content/gltf/M_Sheen.uasset" 652
"../../../Engine/Plugins/Interchange/Runtime/Content/gltf/M_Sheen.uexp" 653
"../../../Engine/Plugins/Interchange/Runtime/Content/gltf/MaterialInstances_MR/MI_Opaque_Sheen_TS.uasset" 654
"../../../Engine/Plugins/Interchange/Runtime/Content/gltf/MaterialInstances_MR/MI_Opaque_Sheen_TS.uexp" 655
"../../../Engine/Plugins/Interchange/Runtime/Content/gltf/MaterialInstances_MR/MI_Opaque_Sheen.uasset" 656
"../../../Engine/Plugins/Interchange/Runtime/Content/gltf/MaterialInstances_MR/MI_Opaque_Sheen.uexp" 657
"../../../Engine/Plugins/Interchange/Runtime/Content/gltf/MaterialInstances_MR/MI_Opaque_ClearCoat_TS.uasset" 658
"../../../Engine/Plugins/Interchange/Runtime/Content/gltf/MaterialInstances_MR/MI_Opaque_ClearCoat_TS.uexp" 659
"../../../Engine/Plugins/Interchange/Runtime/Content/gltf/MaterialInstances_MR/MI_Opaque_ClearCoat.uasset" 660
"../../../Engine/Plugins/Interchange/Runtime/Content/gltf/MaterialInstances_MR/MI_Opaque_ClearCoat.uexp" 661
"../../../Engine/Plugins/Interchange/Runtime/Content/gltf/MaterialInstances_MR/MI_Opaque.uasset" 662
"../../../Engine/Plugins/Interchange/Runtime/Content/gltf/MaterialInstances_MR/MI_Opaque.uexp" 663
"../../../Engine/Plugins/Interchange/Runtime/Content/gltf/MaterialInstances_SG/MI_Transmission_TS.uasset" 664
"../../../Engine/Plugins/Interchange/Runtime/Content/gltf/MaterialInstances_SG/MI_Transmission_TS.uexp" 665
"../../../Engine/Plugins/Interchange/Runtime/Content/gltf/MaterialInstances_SG/MI_Transmission.uasset" 666
"../../../Engine/Plugins/Interchange/Runtime/Content/gltf/MaterialInstances_SG/MI_Transmission.uexp" 667
"../../../Engine/Plugins/Interchange/Runtime/Content/gltf/MaterialInstances_SG/MI_Translucent_TS.uasset" 668
"../../../Engine/Plugins/Interchange/Runtime/Content/gltf/MaterialInstances_SG/MI_Translucent_TS.uexp" 669
"../../../Engine/Plugins/Interchange/Runtime/Content/gltf/MaterialInstances_SG/MI_Translucent_ClearCoat_TS.uasset" 670
"../../../Engine/Plugins/Interchange/Runtime/Content/gltf/MaterialInstances_SG/MI_Translucent_ClearCoat_TS.uexp" 671
"../../../Engine/Plugins/Interchange/Runtime/Content/gltf/MaterialInstances_SG/MI_Translucent_ClearCoat.uasset" 672
"../../../Engine/Plugins/Interchange/Runtime/Content/gltf/MaterialInstances_SG/MI_Translucent_ClearCoat.uexp" 673
"../../../Engine/Plugins/Interchange/Runtime/Content/gltf/MaterialInstances_SG/MI_Translucent.uasset" 674
"../../../Engine/Plugins/Interchange/Runtime/Content/gltf/MaterialInstances_SG/MI_Translucent.uexp" 675
"../../../Engine/Plugins/Interchange/Runtime/Content/gltf/MaterialInstances_SG/MI_Opaque_TS.uasset" 676
"../../../Engine/Plugins/Interchange/Runtime/Content/gltf/MaterialInstances_SG/MI_Opaque_TS.uexp" 677
"../../../Engine/Plugins/Interchange/Runtime/Content/gltf/MaterialInstances_SG/MI_Opaque_Sheen_TS.uasset" 678
"../../../Engine/Plugins/Interchange/Runtime/Content/gltf/MaterialInstances_SG/MI_Opaque_Sheen_TS.uexp" 679
"../../../Engine/Plugins/Interchange/Runtime/Content/gltf/MaterialInstances_SG/MI_Opaque_Sheen.uasset" 680
"../../../Engine/Plugins/Interchange/Runtime/Content/gltf/MaterialInstances_SG/MI_Opaque_Sheen.uexp" 681
"../../../Engine/Plugins/Interchange/Runtime/Content/gltf/MaterialInstances_SG/MI_Opaque_ClearCoat_TS.uasset" 682
"../../../Engine/Plugins/Interchange/Runtime/Content/gltf/MaterialInstances_SG/MI_Opaque_ClearCoat_TS.uexp" 683
"../../../Engine/Plugins/Interchange/Runtime/Content/gltf/MaterialInstances_SG/MI_Opaque_ClearCoat.uasset" 684
"../../../Engine/Plugins/Interchange/Runtime/Content/gltf/MaterialInstances_SG/MI_Opaque_ClearCoat.uexp" 685
"../../../Engine/Plugins/Interchange/Runtime/Content/gltf/MaterialInstances_SG/MI_Opaque.uasset" 686
"../../../Engine/Plugins/Interchange/Runtime/Content/gltf/MaterialInstances_SG/MI_Opaque.uexp" 687
"../../../Engine/Plugins/Interchange/Runtime/Content/gltf/Textures/T_Gray_Linear.uasset" 688
"../../../Engine/Plugins/Interchange/Runtime/Content/gltf/Textures/T_Gray_Linear.uexp" 689
"../../../Engine/Plugins/Interchange/Runtime/Content/gltf/Textures/T_Black_srgb.uasset" 690
"../../../Engine/Plugins/Interchange/Runtime/Content/gltf/Textures/T_Black_srgb.uexp" 691
"../../../Engine/Plugins/Interchange/Runtime/Content/Materials/UnlitMaterial.uasset" 692
"../../../Engine/Plugins/Interchange/Runtime/Content/Materials/UnlitMaterial.uexp" 693
"../../../Engine/Content/EngineMaterials/DefaultNormal.ubulk" 694
"../../../Engine/Content/EngineMaterials/DefaultNormal.uasset" 695
"../../../Engine/Content/EngineMaterials/DefaultNormal.uexp" 696
"../../../Engine/Plugins/Interchange/Runtime/Content/Materials/MapOrScalarFunction.uasset" 697
"../../../Engine/Plugins/Interchange/Runtime/Content/Materials/MapOrScalarFunction.uexp" 698
"../../../Engine/Plugins/Interchange/Runtime/Content/Materials/MapOrLinearColorFunction.uasset" 699
"../../../Engine/Plugins/Interchange/Runtime/Content/Materials/MapOrLinearColorFunction.uexp" 700
"../../../Engine/Plugins/Interchange/Runtime/Content/Materials/MapOrColorFunction.uasset" 701
"../../../Engine/Plugins/Interchange/Runtime/Content/Materials/MapOrColorFunction.uexp" 702
"../../../Engine/Plugins/Interchange/Runtime/Content/Materials/CommonMaterial.uasset" 703
"../../../Engine/Plugins/Interchange/Runtime/Content/Materials/CommonMaterial.uexp" 704
"../../../Engine/Plugins/Interchange/Runtime/Content/Materials/PBRSurfaceFunction.uasset" 705
"../../../Engine/Plugins/Interchange/Runtime/Content/Materials/PBRSurfaceFunction.uexp" 706
"../../../Engine/Plugins/Interchange/Runtime/Content/Materials/ThinTranslucentMaterial.uasset" 707
"../../../Engine/Plugins/Interchange/Runtime/Content/Materials/ThinTranslucentMaterial.uexp" 708
"../../../Engine/Plugins/Interchange/Runtime/Content/Materials/SubsurfaceMaterial.uasset" 709
"../../../Engine/Plugins/Interchange/Runtime/Content/Materials/SubsurfaceMaterial.uexp" 710
"../../../Engine/Plugins/Interchange/Runtime/Content/Materials/SheenMaterial.uasset" 711
"../../../Engine/Plugins/Interchange/Runtime/Content/Materials/SheenMaterial.uexp" 712
"../../../Engine/Content/Functions/Engine_MaterialFunctions01/Shading/ConvertFromDiffSpec.uasset" 713
"../../../Engine/Content/Functions/Engine_MaterialFunctions01/Shading/ConvertFromDiffSpec.uexp" 714
"../../../Engine/Plugins/Interchange/Runtime/Content/Materials/PhongSurfaceMaterial.uasset" 715
"../../../Engine/Plugins/Interchange/Runtime/Content/Materials/PhongSurfaceMaterial.uexp" 716
"../../../Engine/Plugins/Interchange/Runtime/Content/Materials/PBRSurfaceMaterial.uasset" 717
"../../../Engine/Plugins/Interchange/Runtime/Content/Materials/PBRSurfaceMaterial.uexp" 718
"../../../Engine/Content/EngineMaterials/FlatNormal.uasset" 719
"../../../Engine/Content/EngineMaterials/FlatNormal.uexp" 720
"../../../Engine/Content/EditorLandscapeResources/WhiteSquareTexture.uasset" 721
"../../../Engine/Content/EditorLandscapeResources/WhiteSquareTexture.uexp" 722
"../../../Engine/Plugins/Interchange/Runtime/Content/Materials/OrenNayerMaterial.uasset" 723
"../../../Engine/Plugins/Interchange/Runtime/Content/Materials/OrenNayerMaterial.uexp" 724
"../../../Engine/Plugins/Interchange/Runtime/Content/Materials/LambertSurfaceMaterial.uasset" 725
"../../../Engine/Plugins/Interchange/Runtime/Content/Materials/LambertSurfaceMaterial.uexp" 726
"../../../Engine/Plugins/Interchange/Runtime/Content/Materials/ClearCoatMaterial.uasset" 727
"../../../Engine/Plugins/Interchange/Runtime/Content/Materials/ClearCoatMaterial.uexp" 728
"../../../Engine/Plugins/Interchange/Runtime/Content/Pipelines/DefaultTexturePipeline.uasset" 729
"../../../Engine/Plugins/Interchange/Runtime/Content/Pipelines/DefaultTexturePipeline.uexp" 730
"../../../Engine/Plugins/Interchange/Runtime/Content/Pipelines/DefaultSceneLevelPipeline.uasset" 731
"../../../Engine/Plugins/Interchange/Runtime/Content/Pipelines/DefaultSceneLevelPipeline.uexp" 732
"../../../Engine/Plugins/Interchange/Runtime/Content/Pipelines/DefaultSceneAssetsPipeline.uasset" 733
"../../../Engine/Plugins/Interchange/Runtime/Content/Pipelines/DefaultSceneAssetsPipeline.uexp" 734
"../../../Engine/Plugins/Interchange/Runtime/Content/Pipelines/DefaultMaterialPipeline.uasset" 735
"../../../Engine/Plugins/Interchange/Runtime/Content/Pipelines/DefaultMaterialPipeline.uexp" 736
"../../../Engine/Plugins/Interchange/Runtime/Content/Pipelines/DefaultAssetsPipeline.uasset" 737
"../../../Engine/Plugins/Interchange/Runtime/Content/Pipelines/DefaultAssetsPipeline.uexp" 738
"../../../Engine/Plugins/Runtime/MeshModelingToolset/Content/Materials/M_DynamicMeshComponentVtxColor.uasset" 739
"../../../Engine/Plugins/Runtime/MeshModelingToolset/Content/Materials/M_DynamicMeshComponentVtxColor.uexp" 740
"../../../Engine/Content/Maps/Entry_BuiltData.uasset" 741
"../../../Engine/Content/Maps/Entry_BuiltData.uexp" 742
"../../../Engine/Content/Maps/Entry.uexp" 743
"../../../Engine/Content/Maps/Entry.umap" 744
"../../../Engine/Content/BasicShapes/Cube.ubulk" 745
"../../../Engine/Content/BasicShapes/Cube.uasset" 746
"../../../Engine/Content/BasicShapes/Cube.uexp" 747
"C:/Users/l011591i/Documents/ArcaneAnnihilation/Content/Blueprint/Interfaces/BPI_Initalizable.uasset" 748
"C:/Users/l011591i/Documents/ArcaneAnnihilation/Content/Blueprint/Interfaces/BPI_Initalizable.uexp" 749
"C:/Users/l011591i/Documents/ArcaneAnnihilation/Content/Blueprint/GameMode/Managers/BP_Managers.uasset" 750
"C:/Users/l011591i/Documents/ArcaneAnnihilation/Content/Blueprint/GameMode/Managers/BP_Managers.uexp" 751
"C:/Users/l011591i/Documents/ArcaneAnnihilation/Content/Blueprint/Weapons/ENUM_WeaponType.uasset" 752
"C:/Users/l011591i/Documents/ArcaneAnnihilation/Content/Blueprint/Weapons/ENUM_WeaponType.uexp" 753
"C:/Users/l011591i/Documents/ArcaneAnnihilation/Content/Blueprint/Weapons/DataAssets/PrimaryAssets/DA_WeaponAttachment.uasset" 754
"C:/Users/l011591i/Documents/ArcaneAnnihilation/Content/Blueprint/Weapons/DataAssets/PrimaryAssets/DA_WeaponAttachment.uexp" 755
"C:/Users/l011591i/Documents/ArcaneAnnihilation/Content/Art/BlockoutMesh/tests/Material__13.uasset" 756
"C:/Users/l011591i/Documents/ArcaneAnnihilation/Content/Art/BlockoutMesh/tests/Material__13.uexp" 757
"C:/Users/l011591i/Documents/ArcaneAnnihilation/Content/Art/BlockoutMesh/tests/Stock_Test.ubulk" 758
"C:/Users/l011591i/Documents/ArcaneAnnihilation/Content/Art/BlockoutMesh/tests/Stock_Test.uasset" 759
"C:/Users/l011591i/Documents/ArcaneAnnihilation/Content/Art/BlockoutMesh/tests/Stock_Test.uexp" 760
"C:/Users/l011591i/Documents/ArcaneAnnihilation/Content/Blueprint/Weapons/DataAssets/PrimaryAssets/DA_StockAttachment.uasset" 761
"C:/Users/l011591i/Documents/ArcaneAnnihilation/Content/Blueprint/Weapons/DataAssets/PrimaryAssets/DA_StockAttachment.uexp" 762
"C:/Users/l011591i/Documents/ArcaneAnnihilation/Content/Blueprint/Input/InputActions/IA_Shoot.uasset" 763
"C:/Users/l011591i/Documents/ArcaneAnnihilation/Content/Blueprint/Input/InputActions/IA_Shoot.uexp" 764
"C:/Users/l011591i/Documents/ArcaneAnnihilation/Content/Blueprint/Input/InputActions/IA_SwitchWeapon.uasset" 765
"C:/Users/l011591i/Documents/ArcaneAnnihilation/Content/Blueprint/Input/InputActions/IA_SwitchWeapon.uexp" 766
"C:/Users/l011591i/Documents/ArcaneAnnihilation/Content/Blueprint/Input/IMC_Combat.uasset" 767
"C:/Users/l011591i/Documents/ArcaneAnnihilation/Content/Blueprint/Input/IMC_Combat.uexp" 768
"C:/Users/l011591i/Documents/ArcaneAnnihilation/Content/Art/TechArt/M_Base.uasset" 769
"C:/Users/l011591i/Documents/ArcaneAnnihilation/Content/Art/TechArt/M_Base.uexp" 770
"C:/Users/l011591i/Documents/ArcaneAnnihilation/Content/Art/TechArt/MI_Yellow.uasset" 771
"C:/Users/l011591i/Documents/ArcaneAnnihilation/Content/Art/TechArt/MI_Yellow.uexp" 772
"C:/Users/l011591i/Documents/ArcaneAnnihilation/Content/Art/BlockoutMesh/tests/Material__14.uasset" 773
"C:/Users/l011591i/Documents/ArcaneAnnihilation/Content/Art/BlockoutMesh/tests/Material__14.uexp" 774
"C:/Users/l011591i/Documents/ArcaneAnnihilation/Content/Art/BlockoutMesh/tests/Barrel_Test.ubulk" 775
"C:/Users/l011591i/Documents/ArcaneAnnihilation/Content/Art/BlockoutMesh/tests/Barrel_Test.uasset" 776
"C:/Users/l011591i/Documents/ArcaneAnnihilation/Content/Art/BlockoutMesh/tests/Barrel_Test.uexp" 777
"C:/Users/l011591i/Documents/ArcaneAnnihilation/Content/Blueprint/Weapons/DataAssets/PrimaryAssets/DA_BarrelAttachment.uasset" 778
"C:/Users/l011591i/Documents/ArcaneAnnihilation/Content/Blueprint/Weapons/DataAssets/PrimaryAssets/DA_BarrelAttachment.uexp" 779
"C:/Users/l011591i/Documents/ArcaneAnnihilation/Content/Blueprint/Weapons/DataAssets/BarrelData/DA_BarrelTest.uasset" 780
"C:/Users/l011591i/Documents/ArcaneAnnihilation/Content/Blueprint/Weapons/DataAssets/BarrelData/DA_BarrelTest.uexp" 781
"C:/Users/l011591i/Documents/ArcaneAnnihilation/Content/Art/BlockoutMesh/tests/Material__15.uasset" 782
"C:/Users/l011591i/Documents/ArcaneAnnihilation/Content/Art/BlockoutMesh/tests/Material__15.uexp" 783
"C:/Users/l011591i/Documents/ArcaneAnnihilation/Content/Art/BlockoutMesh/tests/Mag_Test.ubulk" 784
"C:/Users/l011591i/Documents/ArcaneAnnihilation/Content/Art/BlockoutMesh/tests/Mag_Test.uasset" 785
"C:/Users/l011591i/Documents/ArcaneAnnihilation/Content/Art/BlockoutMesh/tests/Mag_Test.uexp" 786
"C:/Users/l011591i/Documents/ArcaneAnnihilation/Content/Blueprint/Weapons/DataAssets/PrimaryAssets/DA_ClipAttachment.uasset" 787
"C:/Users/l011591i/Documents/ArcaneAnnihilation/Content/Blueprint/Weapons/DataAssets/PrimaryAssets/DA_ClipAttachment.uexp" 788
"C:/Users/l011591i/Documents/ArcaneAnnihilation/Content/Blueprint/Weapons/DataAssets/ClipData/DA_ClipTest.uasset" 789
"C:/Users/l011591i/Documents/ArcaneAnnihilation/Content/Blueprint/Weapons/DataAssets/ClipData/DA_ClipTest.uexp" 790
"C:/Users/l011591i/Documents/ArcaneAnnihilation/Content/Art/TechArt/MI_Blue.uasset" 791
"C:/Users/l011591i/Documents/ArcaneAnnihilation/Content/Art/TechArt/MI_Blue.uexp" 792
"../../../Engine/Content/EditorBlueprintResources/StandardMacros.uasset" 793
"../../../Engine/Content/EditorBlueprintResources/StandardMacros.uexp" 794
"C:/Users/l011591i/Documents/ArcaneAnnihilation/Content/Blueprint/Weapons/BML_FireLogic.uasset" 795
"C:/Users/l011591i/Documents/ArcaneAnnihilation/Content/Blueprint/Weapons/BML_FireLogic.uexp" 796
"../../../Engine/Plugins/FX/Niagara/Content/Enums/ENiagara_MassInitializationMode.uasset" 797
"../../../Engine/Plugins/FX/Niagara/Content/Enums/ENiagara_MassInitializationMode.uexp" 798
"../../../Engine/Plugins/FX/Niagara/Content/DefaultAssets/DefaultRIbbonMaterial.uasset" 799
"../../../Engine/Plugins/FX/Niagara/Content/DefaultAssets/DefaultRIbbonMaterial.uexp" 800
"../../../Engine/Plugins/FX/Niagara/Content/Enums/ENiagara_PositionInitializationMode.uasset" 801
"../../../Engine/Plugins/FX/Niagara/Content/Enums/ENiagara_PositionInitializationMode.uexp" 802
"../../../Engine/Plugins/FX/Niagara/Content/Icons/Modules/T_Icon_Solver_LimitSpeed.uasset" 803
"../../../Engine/Plugins/FX/Niagara/Content/Icons/Modules/T_Icon_Solver_LimitSpeed.uexp" 804
"../../../Engine/Plugins/FX/Niagara/Content/Icons/Modules/T_Icon_Solver_RotationalSolve.uasset" 805
"../../../Engine/Plugins/FX/Niagara/Content/Icons/Modules/T_Icon_Solver_RotationalSolve.uexp" 806
"../../../Engine/Plugins/FX/Niagara/Content/Icons/Modules/T_Icon_Solver_LimitAccel.uasset" 807
"../../../Engine/Plugins/FX/Niagara/Content/Icons/Modules/T_Icon_Solver_LimitAccel.uexp" 808
"../../../Engine/Plugins/FX/Niagara/Content/Enums/ENiagara_SizeScaleMode.uasset" 809
"../../../Engine/Plugins/FX/Niagara/Content/Enums/ENiagara_SizeScaleMode.uexp" 810
"../../../Engine/Plugins/FX/Niagara/Content/Enums/ENiagara_UVFlippingMode.uasset" 811
"../../../Engine/Plugins/FX/Niagara/Content/Enums/ENiagara_UVFlippingMode.uexp" 812
"../../../Engine/Plugins/FX/Niagara/Content/Enums/ENiagaraRandomnessMode.uasset" 813
"../../../Engine/Plugins/FX/Niagara/Content/Enums/ENiagaraRandomnessMode.uexp" 814
"../../../Engine/Plugins/FX/Niagara/Content/Enums/ENiagaraRandomnessEvaluation.uasset" 815
"../../../Engine/Plugins/FX/Niagara/Content/Enums/ENiagaraRandomnessEvaluation.uexp" 816
"../../../Engine/Plugins/FX/Niagara/Content/Enums/Ribbons/ENiagara_UnsetDirectSetRandom.uasset" 817
"../../../Engine/Plugins/FX/Niagara/Content/Enums/Ribbons/ENiagara_UnsetDirectSetRandom.uexp" 818
"../../../Engine/Plugins/FX/Niagara/Content/Enums/ENiagara_LifetimeMode.uasset" 819
"../../../Engine/Plugins/FX/Niagara/Content/Enums/ENiagara_LifetimeMode.uexp" 820
"../../../Engine/Plugins/FX/Niagara/Content/Enums/Ribbons/ENiagara_UnsetDirectSet.uasset" 821
"../../../Engine/Plugins/FX/Niagara/Content/Enums/Ribbons/ENiagara_UnsetDirectSet.uexp" 822
"../../../Engine/Plugins/FX/Niagara/Content/Enums/ENiagara_SpriteRotationMode.uasset" 823
"../../../Engine/Plugins/FX/Niagara/Content/Enums/ENiagara_SpriteRotationMode.uexp" 824
"../../../Engine/Plugins/FX/Niagara/Content/Enums/ENiagara_ColorInitializationMode.uasset" 825
"../../../Engine/Plugins/FX/Niagara/Content/Enums/ENiagara_ColorInitializationMode.uexp" 826
"../../../Engine/Plugins/FX/Niagara/Content/Enums/ENiagaraChannelCorrelation.uasset" 827
"../../../Engine/Plugins/FX/Niagara/Content/Enums/ENiagaraChannelCorrelation.uexp" 828
"../../../Engine/Plugins/FX/Niagara/Content/Enums/ENiagaraEmitterLifeCycleMode.uasset" 829
"../../../Engine/Plugins/FX/Niagara/Content/Enums/ENiagaraEmitterLifeCycleMode.uexp" 830
"../../../Engine/Plugins/FX/Niagara/Content/Enums/ENiagara_InfiniteLoopDuration.uasset" 831
"../../../Engine/Plugins/FX/Niagara/Content/Enums/ENiagara_InfiniteLoopDuration.uexp" 832
"../../../Engine/Plugins/FX/Niagara/Content/Enums/ENiagara_EmitterStateOptions.uasset" 833
"../../../Engine/Plugins/FX/Niagara/Content/Enums/ENiagara_EmitterStateOptions.uexp" 834
"../../../Engine/Plugins/FX/Niagara/Content/Enums/ENiagaraInactiveMode.uasset" 835
"../../../Engine/Plugins/FX/Niagara/Content/Enums/ENiagaraInactiveMode.uexp" 836
"../../../Engine/Plugins/FX/Niagara/Content/Enums/ENiagaraExecutionStateManagement.uasset" 837
"../../../Engine/Plugins/FX/Niagara/Content/Enums/ENiagaraExecutionStateManagement.uexp" 838
"../../../Engine/Plugins/FX/Niagara/Content/Enums/ENiagaraEmitterScalabilityMode_Limited.uasset" 839
"../../../Engine/Plugins/FX/Niagara/Content/Enums/ENiagaraEmitterScalabilityMode_Limited.uexp" 840
"../../../Engine/Plugins/FX/Niagara/Content/Enums/ENiagaraSystemInactiveMode.uasset" 841
"../../../Engine/Plugins/FX/Niagara/Content/Enums/ENiagaraSystemInactiveMode.uexp" 842
"../../../Engine/Plugins/FX/Niagara/Content/Icons/Modules/T_Icon_Particle_InfiniteLife.uasset" 843
"../../../Engine/Plugins/FX/Niagara/Content/Icons/Modules/T_Icon_Particle_InfiniteLife.uexp" 844
"C:/Users/l011591i/Documents/ArcaneAnnihilation/Content/Art/TechArt/NS_Shot.uasset" 845
"C:/Users/l011591i/Documents/ArcaneAnnihilation/Content/Art/TechArt/NS_Shot.uexp" 846
"C:/Users/l011591i/Documents/ArcaneAnnihilation/Content/Blueprint/UI/BPI_UIAmmo.uasset" 847
"C:/Users/l011591i/Documents/ArcaneAnnihilation/Content/Blueprint/UI/BPI_UIAmmo.uexp" 848
"C:/Users/l011591i/Documents/ArcaneAnnihilation/Content/Blueprint/Weapons/ENUM_DamageType.uasset" 849
"C:/Users/l011591i/Documents/ArcaneAnnihilation/Content/Blueprint/Weapons/ENUM_DamageType.uexp" 850
"C:/Users/l011591i/Documents/ArcaneAnnihilation/Content/Blueprint/Weapons/BPI_AnyDamage.uasset" 851
"C:/Users/l011591i/Documents/ArcaneAnnihilation/Content/Blueprint/Weapons/BPI_AnyDamage.uexp" 852
"C:/Users/l011591i/Documents/ArcaneAnnihilation/Content/Blueprint/UI/BPI_UIHealth.uasset" 853
"C:/Users/l011591i/Documents/ArcaneAnnihilation/Content/Blueprint/UI/BPI_UIHealth.uexp" 854
"C:/Users/l011591i/Documents/ArcaneAnnihilation/Content/Blueprint/COM_Health.uasset" 855
"C:/Users/l011591i/Documents/ArcaneAnnihilation/Content/Blueprint/COM_Health.uexp" 856
"../../../Engine/Content/BasicShapes/Sphere.ubulk" 857
"../../../Engine/Content/BasicShapes/Sphere.uasset" 858
"../../../Engine/Content/BasicShapes/Sphere.uexp" 859
"../../../Engine/Content/BasicShapes/BasicShapeMaterial.uasset" 860
"../../../Engine/Content/BasicShapes/BasicShapeMaterial.uexp" 861
"C:/Users/l011591i/Documents/ArcaneAnnihilation/Content/Blueprint/Weapons/Projectiles/BP_BaseProjectile.uasset" 862
"C:/Users/l011591i/Documents/ArcaneAnnihilation/Content/Blueprint/Weapons/Projectiles/BP_BaseProjectile.uexp" 863
"C:/Users/l011591i/Documents/ArcaneAnnihilation/Content/Blueprint/Weapons/Components/COM_BaseWeaponLogic.uasset" 864
"C:/Users/l011591i/Documents/ArcaneAnnihilation/Content/Blueprint/Weapons/Components/COM_BaseWeaponLogic.uexp" 865
"C:/Users/l011591i/Documents/ArcaneAnnihilation/Content/Blueprint/Weapons/Components/COM_ProjectileWeapon.uasset" 866
"C:/Users/l011591i/Documents/ArcaneAnnihilation/Content/Blueprint/Weapons/Components/COM_ProjectileWeapon.uexp" 867
"C:/Users/l011591i/Documents/ArcaneAnnihilation/Content/Art/BlockoutMesh/tests/MainBody_Test.ubulk" 868
"C:/Users/l011591i/Documents/ArcaneAnnihilation/Content/Art/BlockoutMesh/tests/MainBody_Test.uasset" 869
"C:/Users/l011591i/Documents/ArcaneAnnihilation/Content/Art/BlockoutMesh/tests/MainBody_Test.uexp" 870
"C:/Users/l011591i/Documents/ArcaneAnnihilation/Content/Blueprint/Weapons/DataAssets/PrimaryAssets/DA_WeaponData.uasset" 871
"C:/Users/l011591i/Documents/ArcaneAnnihilation/Content/Blueprint/Weapons/DataAssets/PrimaryAssets/DA_WeaponData.uexp" 872
"C:/Users/l011591i/Documents/ArcaneAnnihilation/Content/Blueprint/Weapons/DataAssets/BaseData/DA_BaseTest.uasset" 873
"C:/Users/l011591i/Documents/ArcaneAnnihilation/Content/Blueprint/Weapons/DataAssets/BaseData/DA_BaseTest.uexp" 874
"C:/Users/l011591i/Documents/ArcaneAnnihilation/Content/Blueprint/Weapons/ST_Weapon.uasset" 875
"C:/Users/l011591i/Documents/ArcaneAnnihilation/Content/Blueprint/Weapons/ST_Weapon.uexp" 876
"C:/Users/l011591i/Documents/ArcaneAnnihilation/Content/Art/TechArt/MI_Red.uasset" 877
"C:/Users/l011591i/Documents/ArcaneAnnihilation/Content/Art/TechArt/MI_Red.uexp" 878
"C:/Users/l011591i/Documents/ArcaneAnnihilation/Content/Blueprint/Weapons/DataAssets/StockData/DA_StockTest.uasset" 879
"C:/Users/l011591i/Documents/ArcaneAnnihilation/Content/Blueprint/Weapons/DataAssets/StockData/DA_StockTest.uexp" 880
"C:/Users/l011591i/Documents/ArcaneAnnihilation/Content/Blueprint/Weapons/BP_WeaponActor.uasset" 881
"C:/Users/l011591i/Documents/ArcaneAnnihilation/Content/Blueprint/Weapons/BP_WeaponActor.uexp" 882
"C:/Users/l011591i/Documents/ArcaneAnnihilation/Content/Blueprint/UI/Font/Cloud.uexp" 883
"C:/Users/l011591i/Documents/ArcaneAnnihilation/Content/Blueprint/UI/Font/Cloud.uasset" 884
"C:/Users/l011591i/Documents/ArcaneAnnihilation/Content/Blueprint/UI/Font/Cloud.ufont" 885
"C:/Users/l011591i/Documents/ArcaneAnnihilation/Content/Blueprint/UI/Font/Cloud_Font.uasset" 886
"C:/Users/l011591i/Documents/ArcaneAnnihilation/Content/Blueprint/UI/Font/Cloud_Font.uexp" 887
"C:/Users/l011591i/Documents/ArcaneAnnihilation/Content/Blueprint/UI/PlayerCharacter/PNG/Crosshair.ubulk" 888
"C:/Users/l011591i/Documents/ArcaneAnnihilation/Content/Blueprint/UI/PlayerCharacter/PNG/Crosshair.uasset" 889
"C:/Users/l011591i/Documents/ArcaneAnnihilation/Content/Blueprint/UI/PlayerCharacter/PNG/Crosshair.uexp" 890
"C:/Users/l011591i/Documents/ArcaneAnnihilation/Content/Blueprint/UI/BPI_CrosshairScale.uasset" 891
"C:/Users/l011591i/Documents/ArcaneAnnihilation/Content/Blueprint/UI/BPI_CrosshairScale.uexp" 892
"C:/Users/l011591i/Documents/ArcaneAnnihilation/Content/Blueprint/UI/PlayerCharacter/WBP_Crosshair.uasset" 893
"C:/Users/l011591i/Documents/ArcaneAnnihilation/Content/Blueprint/UI/PlayerCharacter/WBP_Crosshair.uexp" 894
"C:/Users/l011591i/Documents/ArcaneAnnihilation/Content/Blueprint/GameMode/Managers/BPI_UIEnemyCounter.uasset" 895
"C:/Users/l011591i/Documents/ArcaneAnnihilation/Content/Blueprint/GameMode/Managers/BPI_UIEnemyCounter.uexp" 896
"C:/Users/l011591i/Documents/ArcaneAnnihilation/Content/Blueprint/GameMode/Managers/BP_CombatManager.uasset" 897
"C:/Users/l011591i/Documents/ArcaneAnnihilation/Content/Blueprint/GameMode/Managers/BP_CombatManager.uexp" 898
"C:/Users/l011591i/Documents/ArcaneAnnihilation/Content/Blueprint/Character/StateMachine/E_PlayerMoveableStates.uasset" 899
"C:/Users/l011591i/Documents/ArcaneAnnihilation/Content/Blueprint/Character/StateMachine/E_PlayerMoveableStates.uexp" 900
"C:/Users/l011591i/Documents/ArcaneAnnihilation/Content/Blueprint/Character/StateMachine/States/BP_PlayerBaseState.uasset" 901
"C:/Users/l011591i/Documents/ArcaneAnnihilation/Content/Blueprint/Character/StateMachine/States/BP_PlayerBaseState.uexp" 902
"C:/Users/l011591i/Documents/ArcaneAnnihilation/Content/Blueprint/Character/StateMachine/States/RootStates/BP_JumpState.uasset" 903
"C:/Users/l011591i/Documents/ArcaneAnnihilation/Content/Blueprint/Character/StateMachine/States/RootStates/BP_JumpState.uexp" 904
"C:/Users/l011591i/Documents/ArcaneAnnihilation/Content/Blueprint/Character/StateMachine/States/RootStates/BP_InAirState.uasset" 905
"C:/Users/l011591i/Documents/ArcaneAnnihilation/Content/Blueprint/Character/StateMachine/States/RootStates/BP_InAirState.uexp" 906
"C:/Users/l011591i/Documents/ArcaneAnnihilation/Content/Blueprint/Character/StateMachine/States/SubStates/BP_RunState.uasset" 907
"C:/Users/l011591i/Documents/ArcaneAnnihilation/Content/Blueprint/Character/StateMachine/States/SubStates/BP_RunState.uexp" 908
"C:/Users/l011591i/Documents/ArcaneAnnihilation/Content/Blueprint/Interfaces/BPI_Controller.uasset" 909
"C:/Users/l011591i/Documents/ArcaneAnnihilation/Content/Blueprint/Interfaces/BPI_Controller.uexp" 910
"C:/Users/l011591i/Documents/ArcaneAnnihilation/Content/Blueprint/Character/BP_PhysicsController.uasset" 911
"C:/Users/l011591i/Documents/ArcaneAnnihilation/Content/Blueprint/Character/BP_PhysicsController.uexp" 912
"C:/Users/l011591i/Documents/ArcaneAnnihilation/Content/Blueprint/Character/Camera/Curves/C_WallRunCameraTilt.uasset" 913
"C:/Users/l011591i/Documents/ArcaneAnnihilation/Content/Blueprint/Character/Camera/Curves/C_WallRunCameraTilt.uexp" 914
"C:/Users/l011591i/Documents/ArcaneAnnihilation/Content/Blueprint/Character/Camera/Macro_ComponentTimeLine.uasset" 915
"C:/Users/l011591i/Documents/ArcaneAnnihilation/Content/Blueprint/Character/Camera/Macro_ComponentTimeLine.uexp" 916
"C:/Users/l011591i/Documents/ArcaneAnnihilation/Content/Blueprint/Interfaces/BPI_Character.uasset" 917
"C:/Users/l011591i/Documents/ArcaneAnnihilation/Content/Blueprint/Interfaces/BPI_Character.uexp" 918
"C:/Users/l011591i/Documents/ArcaneAnnihilation/Content/Blueprint/Character/Camera/COM_CameraLerper.uasset" 919
"C:/Users/l011591i/Documents/ArcaneAnnihilation/Content/Blueprint/Character/Camera/COM_CameraLerper.uexp" 920
"C:/Users/l011591i/Documents/ArcaneAnnihilation/Content/Blueprint/Character/StateMachine/States/SubStates/BP_CrouchState.uasset" 921
"C:/Users/l011591i/Documents/ArcaneAnnihilation/Content/Blueprint/Character/StateMachine/States/SubStates/BP_CrouchState.uexp" 922
"C:/Users/l011591i/Documents/ArcaneAnnihilation/Content/Blueprint/Character/Camera/Curves/C_SlideCameraFOV.uasset" 923
"C:/Users/l011591i/Documents/ArcaneAnnihilation/Content/Blueprint/Character/Camera/Curves/C_SlideCameraFOV.uexp" 924
"C:/Users/l011591i/Documents/ArcaneAnnihilation/Content/Blueprint/Character/StateMachine/States/SubStates/BP_SlideState.uasset" 925
"C:/Users/l011591i/Documents/ArcaneAnnihilation/Content/Blueprint/Character/StateMachine/States/SubStates/BP_SlideState.uexp" 926
"C:/Users/l011591i/Documents/ArcaneAnnihilation/Content/Blueprint/Character/StateMachine/States/RootStates/BP_GroundedState.uasset" 927
"C:/Users/l011591i/Documents/ArcaneAnnihilation/Content/Blueprint/Character/StateMachine/States/RootStates/BP_GroundedState.uexp" 928
"C:/Users/l011591i/Documents/ArcaneAnnihilation/Content/Blueprint/Character/StateMachine/States/SubStates/BP_IdleState.uasset" 929
"C:/Users/l011591i/Documents/ArcaneAnnihilation/Content/Blueprint/Character/StateMachine/States/SubStates/BP_IdleState.uexp" 930
"C:/Users/l011591i/Documents/ArcaneAnnihilation/Content/Blueprint/Character/StateMachine/States/RootStates/BP_WallJump.uasset" 931
"C:/Users/l011591i/Documents/ArcaneAnnihilation/Content/Blueprint/Character/StateMachine/States/RootStates/BP_WallJump.uexp" 932
"C:/Users/l011591i/Documents/ArcaneAnnihilation/Content/Blueprint/Character/Camera/Curves/C_WallRunCameraFOV.uasset" 933
"C:/Users/l011591i/Documents/ArcaneAnnihilation/Content/Blueprint/Character/Camera/Curves/C_WallRunCameraFOV.uexp" 934
"C:/Users/l011591i/Documents/ArcaneAnnihilation/Content/Blueprint/Character/StateMachine/States/RootStates/BP_WallRunState.uasset" 935
"C:/Users/l011591i/Documents/ArcaneAnnihilation/Content/Blueprint/Character/StateMachine/States/RootStates/BP_WallRunState.uexp" 936
"C:/Users/l011591i/Documents/ArcaneAnnihilation/Content/Blueprint/Character/StateMachine/BP_StateFactory.uasset" 937
"C:/Users/l011591i/Documents/ArcaneAnnihilation/Content/Blueprint/Character/StateMachine/BP_StateFactory.uexp" 938
"C:/Users/l011591i/Documents/ArcaneAnnihilation/Content/Blueprint/Input/InputActions/IA_Jump.uasset" 939
"C:/Users/l011591i/Documents/ArcaneAnnihilation/Content/Blueprint/Input/InputActions/IA_Jump.uexp" 940
"C:/Users/l011591i/Documents/ArcaneAnnihilation/Content/Blueprint/Input/InputActions/IA_CrouchSlide.uasset" 941
"C:/Users/l011591i/Documents/ArcaneAnnihilation/Content/Blueprint/Input/InputActions/IA_CrouchSlide.uexp" 942
"C:/Users/l011591i/Documents/ArcaneAnnihilation/Content/Blueprint/Input/InputActions/IA_Look.uasset" 943
"C:/Users/l011591i/Documents/ArcaneAnnihilation/Content/Blueprint/Input/InputActions/IA_Look.uexp" 944
"C:/Users/l011591i/Documents/ArcaneAnnihilation/Content/Blueprint/Input/InputActions/IA_Move.uasset" 945
"C:/Users/l011591i/Documents/ArcaneAnnihilation/Content/Blueprint/Input/InputActions/IA_Move.uexp" 946
"C:/Users/l011591i/Documents/ArcaneAnnihilation/Content/Blueprint/Input/IMC_Movement.uasset" 947
"C:/Users/l011591i/Documents/ArcaneAnnihilation/Content/Blueprint/Input/IMC_Movement.uexp" 948
"C:/Users/l011591i/Documents/ArcaneAnnihilation/Content/Blueprint/Character/StateMachine/COM_PhysicsMovementStateMachine.uasset" 949
"C:/Users/l011591i/Documents/ArcaneAnnihilation/Content/Blueprint/Character/StateMachine/COM_PhysicsMovementStateMachine.uexp" 950
"C:/Users/l011591i/Documents/ArcaneAnnihilation/Content/Blueprint/AI/BP_BaseAI.uasset" 951
"C:/Users/l011591i/Documents/ArcaneAnnihilation/Content/Blueprint/AI/BP_BaseAI.uexp" 952
"C:/Users/l011591i/Documents/ArcaneAnnihilation/Content/Blueprint/AI/PDA_EnemyWave.uasset" 953
"C:/Users/l011591i/Documents/ArcaneAnnihilation/Content/Blueprint/AI/PDA_EnemyWave.uexp" 954
"C:/Users/l011591i/Documents/ArcaneAnnihilation/Content/Blueprint/AI/BP_EnemySpawn.uasset" 955
"C:/Users/l011591i/Documents/ArcaneAnnihilation/Content/Blueprint/AI/BP_EnemySpawn.uexp" 956
"C:/Users/l011591i/Documents/ArcaneAnnihilation/Content/Blueprint/AI/Rounds/PDA_Round.uasset" 957
"C:/Users/l011591i/Documents/ArcaneAnnihilation/Content/Blueprint/AI/Rounds/PDA_Round.uexp" 958
"C:/Users/l011591i/Documents/ArcaneAnnihilation/Content/Blueprint/GameMode/Managers/BP_WaveManager.uasset" 959
"C:/Users/l011591i/Documents/ArcaneAnnihilation/Content/Blueprint/GameMode/Managers/BP_WaveManager.uexp" 960
"C:/Users/l011591i/Documents/ArcaneAnnihilation/Content/Blueprint/UI/PlayerCharacter/WBP_EnemyCount.uasset" 961
"C:/Users/l011591i/Documents/ArcaneAnnihilation/Content/Blueprint/UI/PlayerCharacter/WBP_EnemyCount.uexp" 962
"C:/Users/l011591i/Documents/ArcaneAnnihilation/Content/Blueprint/UI/PlayerCharacter/WBP_Ammo.uasset" 963
"C:/Users/l011591i/Documents/ArcaneAnnihilation/Content/Blueprint/UI/PlayerCharacter/WBP_Ammo.uexp" 964
"C:/Users/l011591i/Documents/ArcaneAnnihilation/Content/Blueprint/UI/PlayerCharacter/WBP_Health.uasset" 965
"C:/Users/l011591i/Documents/ArcaneAnnihilation/Content/Blueprint/UI/PlayerCharacter/WBP_Health.uexp" 966
"C:/Users/l011591i/Documents/ArcaneAnnihilation/Content/Blueprint/UI/PlayerCharacter/WBP_HealthAmmoCombo.uasset" 967
"C:/Users/l011591i/Documents/ArcaneAnnihilation/Content/Blueprint/UI/PlayerCharacter/WBP_HealthAmmoCombo.uexp" 968
"C:/Users/l011591i/Documents/ArcaneAnnihilation/Content/Blueprint/UI/PlayerCharacter/WBP_PlayerMaster.uasset" 969
"C:/Users/l011591i/Documents/ArcaneAnnihilation/Content/Blueprint/UI/PlayerCharacter/WBP_PlayerMaster.uexp" 970
"C:/Users/l011591i/Documents/ArcaneAnnihilation/Content/Blueprint/Character/PM_Player.uasset" 971
"C:/Users/l011591i/Documents/ArcaneAnnihilation/Content/Blueprint/Character/PM_Player.uexp" 972
"C:/Users/l011591i/Documents/ArcaneAnnihilation/Content/Blueprint/Input/InputActions/IA_Interact.uasset" 973
"C:/Users/l011591i/Documents/ArcaneAnnihilation/Content/Blueprint/Input/InputActions/IA_Interact.uexp" 974
"C:/Users/l011591i/Documents/ArcaneAnnihilation/Content/Blueprint/Input/IMC_AdditionalInputs.uasset" 975
"C:/Users/l011591i/Documents/ArcaneAnnihilation/Content/Blueprint/Input/IMC_AdditionalInputs.uexp" 976
"C:/Users/l011591i/Documents/ArcaneAnnihilation/Content/Blueprint/Weapons/Components/COM_TraceWeaponLogic.uasset" 977
"C:/Users/l011591i/Documents/ArcaneAnnihilation/Content/Blueprint/Weapons/Components/COM_TraceWeaponLogic.uexp" 978
"C:/Users/l011591i/Documents/ArcaneAnnihilation/Content/Blueprint/Weapons/DataAssets/BaseData/DA_BaseTest1.uasset" 979
"C:/Users/l011591i/Documents/ArcaneAnnihilation/Content/Blueprint/Weapons/DataAssets/BaseData/DA_BaseTest1.uexp" 980
"C:/Users/l011591i/Documents/ArcaneAnnihilation/Content/Blueprint/Character/BP_PhysicsCharcter.uasset" 981
"C:/Users/l011591i/Documents/ArcaneAnnihilation/Content/Blueprint/Character/BP_PhysicsCharcter.uexp" 982
"C:/Users/l011591i/Documents/ArcaneAnnihilation/Content/Blueprint/Weapons/Pickup/W_PickupEntry.uasset" 983
"C:/Users/l011591i/Documents/ArcaneAnnihilation/Content/Blueprint/Weapons/Pickup/W_PickupEntry.uexp" 984
"C:/Users/l011591i/Documents/ArcaneAnnihilation/Content/Blueprint/Weapons/Pickup/W_PickupUI.uasset" 985
"C:/Users/l011591i/Documents/ArcaneAnnihilation/Content/Blueprint/Weapons/Pickup/W_PickupUI.uexp" 986
"C:/Users/l011591i/Documents/ArcaneAnnihilation/Content/Blueprint/Character/Interact/BPI_Interact.uasset" 987
"C:/Users/l011591i/Documents/ArcaneAnnihilation/Content/Blueprint/Character/Interact/BPI_Interact.uexp" 988
"C:/Users/l011591i/Documents/ArcaneAnnihilation/Content/Blueprint/Weapons/Pickup/BP_BasePickup.uasset" 989
"C:/Users/l011591i/Documents/ArcaneAnnihilation/Content/Blueprint/Weapons/Pickup/BP_BasePickup.uexp" 990
"C:/Users/l011591i/Documents/ArcaneAnnihilation/Content/Blueprint/Character/Interact/COM_Interact.uasset" 991
"C:/Users/l011591i/Documents/ArcaneAnnihilation/Content/Blueprint/Character/Interact/COM_Interact.uexp" 992
"C:/Users/l011591i/Documents/ArcaneAnnihilation/Content/Blueprint/Weapons/Pickup/BP_Chest.uasset" 993
"C:/Users/l011591i/Documents/ArcaneAnnihilation/Content/Blueprint/Weapons/Pickup/BP_Chest.uexp" 994
"../../../Engine/Content/EngineMaterials/BlendFunc_DefBlend.uasset" 995
"../../../Engine/Content/EngineMaterials/BlendFunc_DefBlend.uexp" 996
"../../../Engine/Content/EngineMaterials/BlendFunc_DefBase.uasset" 997
"../../../Engine/Content/EngineMaterials/BlendFunc_DefBase.uexp" 998
"../../../Engine/Content/Functions/Engine_MaterialFunctions03/Blends/Blend_Overlay.uasset" 999
"../../../Engine/Content/Functions/Engine_MaterialFunctions03/Blends/Blend_Overlay.uexp" 1000
"../../../Engine/Content/OpenWorldTemplate/LandscapeMaterial/T_GridChecker_A.ubulk" 1001
"../../../Engine/Content/OpenWorldTemplate/LandscapeMaterial/T_GridChecker_A.uasset" 1002
"../../../Engine/Content/OpenWorldTemplate/LandscapeMaterial/T_GridChecker_A.uexp" 1003
"../../../Engine/Content/Functions/Engine_MaterialFunctions01/Gradient/LinearGradient.uasset" 1004
"../../../Engine/Content/Functions/Engine_MaterialFunctions01/Gradient/LinearGradient.uexp" 1005
"../../../Engine/Content/Functions/Engine_MaterialFunctions01/ImageAdjustment/CheapContrast.uasset" 1006
"../../../Engine/Content/Functions/Engine_MaterialFunctions01/ImageAdjustment/CheapContrast.uexp" 1007
"../../../Engine/Content/OpenWorldTemplate/LandscapeMaterial/MF_ProcGrid.uasset" 1008
"../../../Engine/Content/OpenWorldTemplate/LandscapeMaterial/MF_ProcGrid.uexp" 1009
"../../../Engine/Content/OpenWorldTemplate/LandscapeMaterial/M_ProcGrid.uasset" 1010
"../../../Engine/Content/OpenWorldTemplate/LandscapeMaterial/M_ProcGrid.uexp" 1011
"../../../Engine/Content/OpenWorldTemplate/LandscapeMaterial/MI_ProcGrid.uasset" 1012
"../../../Engine/Content/OpenWorldTemplate/LandscapeMaterial/MI_ProcGrid.uexp" 1013
"C:/Users/l011591i/Documents/ArcaneAnnihilation/Content/Blueprint/Weapons/Components/COM_ShotWeaponLogic.uasset" 1014
"C:/Users/l011591i/Documents/ArcaneAnnihilation/Content/Blueprint/Weapons/Components/COM_ShotWeaponLogic.uexp" 1015
"C:/Users/l011591i/Documents/ArcaneAnnihilation/Content/Blueprint/Weapons/DataAssets/BaseData/DA_MachineGun.uasset" 1016
"C:/Users/l011591i/Documents/ArcaneAnnihilation/Content/Blueprint/Weapons/DataAssets/BaseData/DA_MachineGun.uexp" 1017
"../../../Engine/Content/EngineSky/T_Sky_Stars.ubulk" 1018
"../../../Engine/Content/EngineSky/T_Sky_Stars.uasset" 1019
"../../../Engine/Content/EngineSky/T_Sky_Stars.uexp" 1020
"../../../Engine/Content/EngineSky/T_Sky_Clouds_M.ubulk" 1021
"../../../Engine/Content/EngineSky/T_Sky_Clouds_M.uasset" 1022
"../../../Engine/Content/EngineSky/T_Sky_Clouds_M.uexp" 1023
"../../../Engine/Content/EngineSky/T_Sky_Blue.ubulk" 1024
"../../../Engine/Content/EngineSky/T_Sky_Blue.uasset" 1025
"../../../Engine/Content/EngineSky/T_Sky_Blue.uexp" 1026
"../../../Engine/Content/EngineSky/M_Sky_Panning_Clouds2.uasset" 1027
"../../../Engine/Content/EngineSky/M_Sky_Panning_Clouds2.uexp" 1028
"../../../Engine/Content/EngineSky/SM_SkySphere.ubulk" 1029
"../../../Engine/Content/EngineSky/SM_SkySphere.uasset" 1030
"../../../Engine/Content/EngineSky/SM_SkySphere.uexp" 1031
"../../../Engine/Content/MapTemplates/SM_Template_Map_Floor.ubulk" 1032
"../../../Engine/Content/MapTemplates/SM_Template_Map_Floor.uasset" 1033
"../../../Engine/Content/MapTemplates/SM_Template_Map_Floor.uexp" 1034
"C:/Users/l011591i/Documents/ArcaneAnnihilation/Content/Blueprint/Weapons/DataAssets/ClipData/DA_ClipTest1.uasset" 1035
"C:/Users/l011591i/Documents/ArcaneAnnihilation/Content/Blueprint/Weapons/DataAssets/ClipData/DA_ClipTest1.uexp" 1036
"C:/Users/l011591i/Documents/ArcaneAnnihilation/Content/Blueprint/Weapons/DataAssets/StockData/DA_StockTest1.uasset" 1037
"C:/Users/l011591i/Documents/ArcaneAnnihilation/Content/Blueprint/Weapons/DataAssets/StockData/DA_StockTest1.uexp" 1038
"C:/Users/l011591i/Documents/ArcaneAnnihilation/Content/Art/BlockoutMesh/Blockout_Mag.ubulk" 1039
"C:/Users/l011591i/Documents/ArcaneAnnihilation/Content/Art/BlockoutMesh/Blockout_Mag.uasset" 1040
"C:/Users/l011591i/Documents/ArcaneAnnihilation/Content/Art/BlockoutMesh/Blockout_Mag.uexp" 1041
"C:/Users/l011591i/Documents/ArcaneAnnihilation/Content/Art/BlockoutMesh/Blockout_Stock.ubulk" 1042
"C:/Users/l011591i/Documents/ArcaneAnnihilation/Content/Art/BlockoutMesh/Blockout_Stock.uasset" 1043
"C:/Users/l011591i/Documents/ArcaneAnnihilation/Content/Art/BlockoutMesh/Blockout_Stock.uexp" 1044
"C:/Users/l011591i/Documents/ArcaneAnnihilation/Content/Blueprint/Weapons/DataAssets/BarrelData/DA_BarrelTest2.uasset" 1045
"C:/Users/l011591i/Documents/ArcaneAnnihilation/Content/Blueprint/Weapons/DataAssets/BarrelData/DA_BarrelTest2.uexp" 1046
"C:/Users/l011591i/Documents/ArcaneAnnihilation/Content/Blueprint/Weapons/DataAssets/BarrelData/DA_BarrelTest1.uasset" 1047
"C:/Users/l011591i/Documents/ArcaneAnnihilation/Content/Blueprint/Weapons/DataAssets/BarrelData/DA_BarrelTest1.uexp" 1048
"C:/Users/l011591i/Documents/ArcaneAnnihilation/Content/Blueprint/GameMode/E_GameState.uasset" 1049
"C:/Users/l011591i/Documents/ArcaneAnnihilation/Content/Blueprint/GameMode/E_GameState.uexp" 1050
"C:/Users/l011591i/Documents/ArcaneAnnihilation/Content/Blueprint/GameMode/BP_ArcaneAnnihilation.uasset" 1051
"C:/Users/l011591i/Documents/ArcaneAnnihilation/Content/Blueprint/GameMode/BP_ArcaneAnnihilation.uexp" 1052
"C:/Users/l011591i/Documents/ArcaneAnnihilation/Content/Blueprint/Interfaces/BPI_Arcane_GM.uasset" 1053
"C:/Users/l011591i/Documents/ArcaneAnnihilation/Content/Blueprint/Interfaces/BPI_Arcane_GM.uexp" 1054
"C:/Users/l011591i/Documents/ArcaneAnnihilation/Content/Blueprint/GameMode/Managers/BP_PlayerManager.uasset" 1055
"C:/Users/l011591i/Documents/ArcaneAnnihilation/Content/Blueprint/GameMode/Managers/BP_PlayerManager.uexp" 1056
"../../../Engine/Content/MapTemplates/Materials/BasicAsset01.uasset" 1057
"../../../Engine/Content/MapTemplates/Materials/BasicAsset01.uexp" 1058
"C:/Users/l011591i/Documents/ArcaneAnnihilation/Content/Blueprint/AI/BehaviourTree/Swarm_BB.uasset" 1059
"C:/Users/l011591i/Documents/ArcaneAnnihilation/Content/Blueprint/AI/BehaviourTree/Swarm_BB.uexp" 1060
"C:/Users/l011591i/Documents/ArcaneAnnihilation/Content/Blueprint/AI/BehaviourTree/Task_FindStrafeLocation.uasset" 1061
"C:/Users/l011591i/Documents/ArcaneAnnihilation/Content/Blueprint/AI/BehaviourTree/Task_FindStrafeLocation.uexp" 1062
"C:/Users/l011591i/Documents/ArcaneAnnihilation/Content/Blueprint/AI/BehaviourTree/Service_FindPlayer.uasset" 1063
"C:/Users/l011591i/Documents/ArcaneAnnihilation/Content/Blueprint/AI/BehaviourTree/Service_FindPlayer.uexp" 1064
"C:/Users/l011591i/Documents/ArcaneAnnihilation/Content/Blueprint/AI/BehaviourTree/Task_FacePlayer.uasset" 1065
"C:/Users/l011591i/Documents/ArcaneAnnihilation/Content/Blueprint/AI/BehaviourTree/Task_FacePlayer.uexp" 1066
"C:/Users/l011591i/Documents/ArcaneAnnihilation/Content/Blueprint/AI/BehaviourTree/Task_AttackPlayer.uasset" 1067
"C:/Users/l011591i/Documents/ArcaneAnnihilation/Content/Blueprint/AI/BehaviourTree/Task_AttackPlayer.uexp" 1068
"C:/Users/l011591i/Documents/ArcaneAnnihilation/Content/Blueprint/AI/BehaviourTree/Swarm_BT.uasset" 1069
"C:/Users/l011591i/Documents/ArcaneAnnihilation/Content/Blueprint/AI/BehaviourTree/Swarm_BT.uexp" 1070
"C:/Users/l011591i/Documents/ArcaneAnnihilation/Content/Blueprint/AI/BP_Swarmer.uasset" 1071
"C:/Users/l011591i/Documents/ArcaneAnnihilation/Content/Blueprint/AI/BP_Swarmer.uexp" 1072
"C:/Users/l011591i/Documents/ArcaneAnnihilation/Content/Blueprint/AI/DA_TestWave.uasset" 1073
"C:/Users/l011591i/Documents/ArcaneAnnihilation/Content/Blueprint/AI/DA_TestWave.uexp" 1074
"C:/Users/l011591i/Documents/ArcaneAnnihilation/Content/Blueprint/AI/Rounds/DA_TestRound.uasset" 1075
"C:/Users/l011591i/Documents/ArcaneAnnihilation/Content/Blueprint/AI/Rounds/DA_TestRound.uexp" 1076
"C:/Users/l011591i/Documents/ArcaneAnnihilation/Content/Art/BlockoutMesh/Blockout_MainBody.ubulk" 1077
"C:/Users/l011591i/Documents/ArcaneAnnihilation/Content/Art/BlockoutMesh/Blockout_MainBody.uasset" 1078
"C:/Users/l011591i/Documents/ArcaneAnnihilation/Content/Art/BlockoutMesh/Blockout_MainBody.uexp" 1079
"../../../Engine/Content/EngineSky/M_SimpleSkyDome.uasset" 1080
"../../../Engine/Content/EngineSky/M_SimpleSkyDome.uexp" 1081
"C:/Users/l011591i/Documents/ArcaneAnnihilation/Content/Art/BlockoutMesh/Blockout_Barrel.ubulk" 1082
"C:/Users/l011591i/Documents/ArcaneAnnihilation/Content/Art/BlockoutMesh/Blockout_Barrel.uasset" 1083
"C:/Users/l011591i/Documents/ArcaneAnnihilation/Content/Art/BlockoutMesh/Blockout_Barrel.uexp" 1084
"C:/Users/l011591i/Documents/ArcaneAnnihilation/Content/Levels/Playground.uexp" 1085
"C:/Users/l011591i/Documents/ArcaneAnnihilation/Content/Levels/Playground.umap" 1086
